DEBUG - 2025-06-18 02:55:09 --> Session: Class initialized using 'CodeIgniter\Session\Handlers\FileHandler' driver.
DEBUG - 2025-06-18 02:55:16 --> Session: Class initialized using 'CodeIgniter\Session\Handlers\FileHandler' driver.
DEBUG - 2025-06-18 02:55:16 --> Session: Class initialized using 'CodeIgniter\Session\Handlers\FileHandler' driver.
DEBUG - 2025-06-18 02:55:26 --> Session: Class initialized using 'CodeIgniter\Session\Handlers\FileHandler' driver.
DEBUG - 2025-06-18 02:55:28 --> Session: Class initialized using 'CodeIgniter\Session\Handlers\FileHandler' driver.
DEBUG - 2025-06-18 02:55:28 --> Session: Class initialized using 'CodeIgniter\Session\Handlers\FileHandler' driver.
DEBUG - 2025-06-18 02:55:30 --> Session: Class initialized using 'CodeIgniter\Session\Handlers\FileHandler' driver.
DEBUG - 2025-06-18 02:55:30 --> Session: Class initialized using 'CodeIgniter\Session\Handlers\FileHandler' driver.
DEBUG - 2025-06-18 02:55:32 --> Session: Class initialized using 'CodeIgniter\Session\Handlers\FileHandler' driver.
DEBUG - 2025-06-18 02:55:38 --> Session: Class initialized using 'CodeIgniter\Session\Handlers\FileHandler' driver.
DEBUG - 2025-06-18 02:55:40 --> Session: Class initialized using 'CodeIgniter\Session\Handlers\FileHandler' driver.
DEBUG - 2025-06-18 02:55:40 --> Session: Class initialized using 'CodeIgniter\Session\Handlers\FileHandler' driver.
DEBUG - 2025-06-18 02:55:42 --> Session: Class initialized using 'CodeIgniter\Session\Handlers\FileHandler' driver.
DEBUG - 2025-06-18 02:55:42 --> Session: Class initialized using 'CodeIgniter\Session\Handlers\FileHandler' driver.
ERROR - 2025-06-18 03:07:18 --> mysqli_sql_exception: You have an error in your SQL syntax; check the manual that corresponds to your MySQL server version for the right syntax to use near ') VALUES ('dosen', '2025-06-18 03:07:18', 2, 'menunggu', '2025-06-18 03:07:18', ' at line 1 in C:\laragon\www\antrian\system\Database\MySQLi\Connection.php:327
Stack trace:
#0 C:\laragon\www\antrian\system\Database\MySQLi\Connection.php(327): mysqli->query('INSERT INTO `an...', 0)
#1 C:\laragon\www\antrian\system\Database\BaseConnection.php(738): CodeIgniter\Database\MySQLi\Connection->execute('INSERT INTO `an...')
#2 C:\laragon\www\antrian\system\Database\BaseConnection.php(652): CodeIgniter\Database\BaseConnection->simpleQuery('INSERT INTO `an...')
#3 C:\laragon\www\antrian\system\Database\BaseBuilder.php(2345): CodeIgniter\Database\BaseConnection->query('INSERT INTO `an...', Array, false)
#4 C:\laragon\www\antrian\system\Model.php(394): CodeIgniter\Database\BaseBuilder->insert()
#5 C:\laragon\www\antrian\system\BaseModel.php(839): CodeIgniter\Model->doInsert(Array)
#6 C:\laragon\www\antrian\system\Model.php(800): CodeIgniter\BaseModel->insert(Array, false)
#7 C:\laragon\www\antrian\system\BaseModel.php(750): CodeIgniter\Model->insert(Array, false)
#8 C:\laragon\www\antrian\app\Controllers\AntrianController.php(60): CodeIgniter\BaseModel->save(Array)
#9 C:\laragon\www\antrian\system\CodeIgniter.php(933): App\Controllers\AntrianController->ambil('dosen')
#10 C:\laragon\www\antrian\system\CodeIgniter.php(507): CodeIgniter\CodeIgniter->runController(Object(App\Controllers\AntrianController))
#11 C:\laragon\www\antrian\system\CodeIgniter.php(354): CodeIgniter\CodeIgniter->handleRequest(NULL, Object(Config\Cache), false)
#12 C:\laragon\www\antrian\system\Boot.php(334): CodeIgniter\CodeIgniter->run()
#13 C:\laragon\www\antrian\system\Boot.php(67): CodeIgniter\Boot::runCodeIgniter(Object(CodeIgniter\CodeIgniter))
#14 C:\laragon\www\antrian\public\index.php(56): CodeIgniter\Boot::bootWeb(Object(Config\Paths))
#15 C:\laragon\www\antrian\system\rewrite.php(44): require_once('C:\\laragon\\www\\...')
#16 {main}
CRITICAL - 2025-06-18 03:07:18 --> CodeIgniter\Database\Exceptions\DatabaseException: You have an error in your SQL syntax; check the manual that corresponds to your MySQL server version for the right syntax to use near ') VALUES ('dosen', '2025-06-18 03:07:18', 2, 'menunggu', '2025-06-18 03:07:18', ' at line 1
[Method: GET, Route: antrian/ambil/dosen]
in SYSTEMPATH\Database\BaseConnection.php on line 692.
 1 SYSTEMPATH\Database\BaseBuilder.php(2345): CodeIgniter\Database\BaseConnection->query('INSERT INTO `antrian` (`kategori`, `waktu_antrian`, `nomor_antrian`, `status`, `created_at`, ) VALUES (:kategori.1:, :waktu_antrian:, :nomor_antrian:, :status:, :created_at:, ::)', [...], false)
 2 SYSTEMPATH\Model.php(394): CodeIgniter\Database\BaseBuilder->insert()
 3 SYSTEMPATH\BaseModel.php(839): CodeIgniter\Model->doInsert([...])
 4 SYSTEMPATH\Model.php(800): CodeIgniter\BaseModel->insert([...], false)
 5 SYSTEMPATH\BaseModel.php(750): CodeIgniter\Model->insert([...], false)
 6 APPPATH\Controllers\AntrianController.php(60): CodeIgniter\BaseModel->save([...])
 7 SYSTEMPATH\CodeIgniter.php(933): App\Controllers\AntrianController->ambil('dosen')
 8 SYSTEMPATH\CodeIgniter.php(507): CodeIgniter\CodeIgniter->runController(Object(App\Controllers\AntrianController))
 9 SYSTEMPATH\CodeIgniter.php(354): CodeIgniter\CodeIgniter->handleRequest(null, Object(Config\Cache), false)
10 SYSTEMPATH\Boot.php(334): CodeIgniter\CodeIgniter->run()
11 SYSTEMPATH\Boot.php(67): CodeIgniter\Boot::runCodeIgniter(Object(CodeIgniter\CodeIgniter))
12 FCPATH\index.php(56): CodeIgniter\Boot::bootWeb(Object(Config\Paths))
13 SYSTEMPATH\rewrite.php(44): require_once('C:\\laragon\\www\\antrian\\public\\index.php')
CRITICAL - 2025-06-18 03:07:18 --> [Caused by] CodeIgniter\Database\Exceptions\DatabaseException: You have an error in your SQL syntax; check the manual that corresponds to your MySQL server version for the right syntax to use near ') VALUES ('dosen', '2025-06-18 03:07:18', 2, 'menunggu', '2025-06-18 03:07:18', ' at line 1
in SYSTEMPATH\Database\MySQLi\Connection.php on line 332.
 1 SYSTEMPATH\Database\BaseConnection.php(738): CodeIgniter\Database\MySQLi\Connection->execute('INSERT INTO `antrian` (`kategori`, `waktu_antrian`, `nomor_antrian`, `status`, `created_at`, ) VALUES (\'dosen\', \'2025-06-18 03:07:18\', 2, \'menunggu\', \'2025-06-18 03:07:18\', \'2025-06-18 03:07:18\')')
 2 SYSTEMPATH\Database\BaseConnection.php(652): CodeIgniter\Database\BaseConnection->simpleQuery('INSERT INTO `antrian` (`kategori`, `waktu_antrian`, `nomor_antrian`, `status`, `created_at`, ) VALUES (\'dosen\', \'2025-06-18 03:07:18\', 2, \'menunggu\', \'2025-06-18 03:07:18\', \'2025-06-18 03:07:18\')')
 3 SYSTEMPATH\Database\BaseBuilder.php(2345): CodeIgniter\Database\BaseConnection->query('INSERT INTO `antrian` (`kategori`, `waktu_antrian`, `nomor_antrian`, `status`, `created_at`, ) VALUES (:kategori.1:, :waktu_antrian:, :nomor_antrian:, :status:, :created_at:, ::)', [...], false)
 4 SYSTEMPATH\Model.php(394): CodeIgniter\Database\BaseBuilder->insert()
 5 SYSTEMPATH\BaseModel.php(839): CodeIgniter\Model->doInsert([...])
 6 SYSTEMPATH\Model.php(800): CodeIgniter\BaseModel->insert([...], false)
 7 SYSTEMPATH\BaseModel.php(750): CodeIgniter\Model->insert([...], false)
 8 APPPATH\Controllers\AntrianController.php(60): CodeIgniter\BaseModel->save([...])
 9 SYSTEMPATH\CodeIgniter.php(933): App\Controllers\AntrianController->ambil('dosen')
10 SYSTEMPATH\CodeIgniter.php(507): CodeIgniter\CodeIgniter->runController(Object(App\Controllers\AntrianController))
11 SYSTEMPATH\CodeIgniter.php(354): CodeIgniter\CodeIgniter->handleRequest(null, Object(Config\Cache), false)
12 SYSTEMPATH\Boot.php(334): CodeIgniter\CodeIgniter->run()
13 SYSTEMPATH\Boot.php(67): CodeIgniter\Boot::runCodeIgniter(Object(CodeIgniter\CodeIgniter))
14 FCPATH\index.php(56): CodeIgniter\Boot::bootWeb(Object(Config\Paths))
15 SYSTEMPATH\rewrite.php(44): require_once('C:\\laragon\\www\\antrian\\public\\index.php')
CRITICAL - 2025-06-18 03:07:18 --> [Caused by] mysqli_sql_exception: You have an error in your SQL syntax; check the manual that corresponds to your MySQL server version for the right syntax to use near ') VALUES ('dosen', '2025-06-18 03:07:18', 2, 'menunggu', '2025-06-18 03:07:18', ' at line 1
in SYSTEMPATH\Database\MySQLi\Connection.php on line 327.
 1 SYSTEMPATH\Database\MySQLi\Connection.php(327): mysqli->query('INSERT INTO `antrian` (`kategori`, `waktu_antrian`, `nomor_antrian`, `status`, `created_at`, ) VALUES (\'dosen\', \'2025-06-18 03:07:18\', 2, \'menunggu\', \'2025-06-18 03:07:18\', \'2025-06-18 03:07:18\')', 0)
 2 SYSTEMPATH\Database\BaseConnection.php(738): CodeIgniter\Database\MySQLi\Connection->execute('INSERT INTO `antrian` (`kategori`, `waktu_antrian`, `nomor_antrian`, `status`, `created_at`, ) VALUES (\'dosen\', \'2025-06-18 03:07:18\', 2, \'menunggu\', \'2025-06-18 03:07:18\', \'2025-06-18 03:07:18\')')
 3 SYSTEMPATH\Database\BaseConnection.php(652): CodeIgniter\Database\BaseConnection->simpleQuery('INSERT INTO `antrian` (`kategori`, `waktu_antrian`, `nomor_antrian`, `status`, `created_at`, ) VALUES (\'dosen\', \'2025-06-18 03:07:18\', 2, \'menunggu\', \'2025-06-18 03:07:18\', \'2025-06-18 03:07:18\')')
 4 SYSTEMPATH\Database\BaseBuilder.php(2345): CodeIgniter\Database\BaseConnection->query('INSERT INTO `antrian` (`kategori`, `waktu_antrian`, `nomor_antrian`, `status`, `created_at`, ) VALUES (:kategori.1:, :waktu_antrian:, :nomor_antrian:, :status:, :created_at:, ::)', [...], false)
 5 SYSTEMPATH\Model.php(394): CodeIgniter\Database\BaseBuilder->insert()
 6 SYSTEMPATH\BaseModel.php(839): CodeIgniter\Model->doInsert([...])
 7 SYSTEMPATH\Model.php(800): CodeIgniter\BaseModel->insert([...], false)
 8 SYSTEMPATH\BaseModel.php(750): CodeIgniter\Model->insert([...], false)
 9 APPPATH\Controllers\AntrianController.php(60): CodeIgniter\BaseModel->save([...])
10 SYSTEMPATH\CodeIgniter.php(933): App\Controllers\AntrianController->ambil('dosen')
11 SYSTEMPATH\CodeIgniter.php(507): CodeIgniter\CodeIgniter->runController(Object(App\Controllers\AntrianController))
12 SYSTEMPATH\CodeIgniter.php(354): CodeIgniter\CodeIgniter->handleRequest(null, Object(Config\Cache), false)
13 SYSTEMPATH\Boot.php(334): CodeIgniter\CodeIgniter->run()
14 SYSTEMPATH\Boot.php(67): CodeIgniter\Boot::runCodeIgniter(Object(CodeIgniter\CodeIgniter))
15 FCPATH\index.php(56): CodeIgniter\Boot::bootWeb(Object(Config\Paths))
16 SYSTEMPATH\rewrite.php(44): require_once('C:\\laragon\\www\\antrian\\public\\index.php')
ERROR - 2025-06-18 03:09:51 --> mysqli_sql_exception: You have an error in your SQL syntax; check the manual that corresponds to your MySQL server version for the right syntax to use near ') VALUES ('dosen', '2025-06-18 03:09:51', 2, 'menunggu', '2025-06-18 03:09:51', ' at line 1 in C:\laragon\www\antrian\system\Database\MySQLi\Connection.php:327
Stack trace:
#0 C:\laragon\www\antrian\system\Database\MySQLi\Connection.php(327): mysqli->query('INSERT INTO `an...', 0)
#1 C:\laragon\www\antrian\system\Database\BaseConnection.php(738): CodeIgniter\Database\MySQLi\Connection->execute('INSERT INTO `an...')
#2 C:\laragon\www\antrian\system\Database\BaseConnection.php(652): CodeIgniter\Database\BaseConnection->simpleQuery('INSERT INTO `an...')
#3 C:\laragon\www\antrian\system\Database\BaseBuilder.php(2345): CodeIgniter\Database\BaseConnection->query('INSERT INTO `an...', Array, false)
#4 C:\laragon\www\antrian\system\Model.php(394): CodeIgniter\Database\BaseBuilder->insert()
#5 C:\laragon\www\antrian\system\BaseModel.php(839): CodeIgniter\Model->doInsert(Array)
#6 C:\laragon\www\antrian\system\Model.php(800): CodeIgniter\BaseModel->insert(Array, false)
#7 C:\laragon\www\antrian\system\BaseModel.php(750): CodeIgniter\Model->insert(Array, false)
#8 C:\laragon\www\antrian\app\Controllers\AntrianController.php(60): CodeIgniter\BaseModel->save(Array)
#9 C:\laragon\www\antrian\system\CodeIgniter.php(933): App\Controllers\AntrianController->ambil('dosen')
#10 C:\laragon\www\antrian\system\CodeIgniter.php(507): CodeIgniter\CodeIgniter->runController(Object(App\Controllers\AntrianController))
#11 C:\laragon\www\antrian\system\CodeIgniter.php(354): CodeIgniter\CodeIgniter->handleRequest(NULL, Object(Config\Cache), false)
#12 C:\laragon\www\antrian\system\Boot.php(334): CodeIgniter\CodeIgniter->run()
#13 C:\laragon\www\antrian\system\Boot.php(67): CodeIgniter\Boot::runCodeIgniter(Object(CodeIgniter\CodeIgniter))
#14 C:\laragon\www\antrian\public\index.php(56): CodeIgniter\Boot::bootWeb(Object(Config\Paths))
#15 C:\laragon\www\antrian\system\rewrite.php(44): require_once('C:\\laragon\\www\\...')
#16 {main}
CRITICAL - 2025-06-18 03:09:51 --> CodeIgniter\Database\Exceptions\DatabaseException: You have an error in your SQL syntax; check the manual that corresponds to your MySQL server version for the right syntax to use near ') VALUES ('dosen', '2025-06-18 03:09:51', 2, 'menunggu', '2025-06-18 03:09:51', ' at line 1
[Method: GET, Route: antrian/ambil/dosen]
in SYSTEMPATH\Database\BaseConnection.php on line 692.
 1 SYSTEMPATH\Database\BaseBuilder.php(2345): CodeIgniter\Database\BaseConnection->query('INSERT INTO `antrian` (`kategori`, `waktu_antrian`, `nomor_antrian`, `status`, `created_at`, ) VALUES (:kategori.1:, :waktu_antrian:, :nomor_antrian:, :status:, :created_at:, ::)', [...], false)
 2 SYSTEMPATH\Model.php(394): CodeIgniter\Database\BaseBuilder->insert()
 3 SYSTEMPATH\BaseModel.php(839): CodeIgniter\Model->doInsert([...])
 4 SYSTEMPATH\Model.php(800): CodeIgniter\BaseModel->insert([...], false)
 5 SYSTEMPATH\BaseModel.php(750): CodeIgniter\Model->insert([...], false)
 6 APPPATH\Controllers\AntrianController.php(60): CodeIgniter\BaseModel->save([...])
 7 SYSTEMPATH\CodeIgniter.php(933): App\Controllers\AntrianController->ambil('dosen')
 8 SYSTEMPATH\CodeIgniter.php(507): CodeIgniter\CodeIgniter->runController(Object(App\Controllers\AntrianController))
 9 SYSTEMPATH\CodeIgniter.php(354): CodeIgniter\CodeIgniter->handleRequest(null, Object(Config\Cache), false)
10 SYSTEMPATH\Boot.php(334): CodeIgniter\CodeIgniter->run()
11 SYSTEMPATH\Boot.php(67): CodeIgniter\Boot::runCodeIgniter(Object(CodeIgniter\CodeIgniter))
12 FCPATH\index.php(56): CodeIgniter\Boot::bootWeb(Object(Config\Paths))
13 SYSTEMPATH\rewrite.php(44): require_once('C:\\laragon\\www\\antrian\\public\\index.php')
CRITICAL - 2025-06-18 03:09:51 --> [Caused by] CodeIgniter\Database\Exceptions\DatabaseException: You have an error in your SQL syntax; check the manual that corresponds to your MySQL server version for the right syntax to use near ') VALUES ('dosen', '2025-06-18 03:09:51', 2, 'menunggu', '2025-06-18 03:09:51', ' at line 1
in SYSTEMPATH\Database\MySQLi\Connection.php on line 332.
 1 SYSTEMPATH\Database\BaseConnection.php(738): CodeIgniter\Database\MySQLi\Connection->execute('INSERT INTO `antrian` (`kategori`, `waktu_antrian`, `nomor_antrian`, `status`, `created_at`, ) VALUES (\'dosen\', \'2025-06-18 03:09:51\', 2, \'menunggu\', \'2025-06-18 03:09:51\', \'2025-06-18 03:09:51\')')
 2 SYSTEMPATH\Database\BaseConnection.php(652): CodeIgniter\Database\BaseConnection->simpleQuery('INSERT INTO `antrian` (`kategori`, `waktu_antrian`, `nomor_antrian`, `status`, `created_at`, ) VALUES (\'dosen\', \'2025-06-18 03:09:51\', 2, \'menunggu\', \'2025-06-18 03:09:51\', \'2025-06-18 03:09:51\')')
 3 SYSTEMPATH\Database\BaseBuilder.php(2345): CodeIgniter\Database\BaseConnection->query('INSERT INTO `antrian` (`kategori`, `waktu_antrian`, `nomor_antrian`, `status`, `created_at`, ) VALUES (:kategori.1:, :waktu_antrian:, :nomor_antrian:, :status:, :created_at:, ::)', [...], false)
 4 SYSTEMPATH\Model.php(394): CodeIgniter\Database\BaseBuilder->insert()
 5 SYSTEMPATH\BaseModel.php(839): CodeIgniter\Model->doInsert([...])
 6 SYSTEMPATH\Model.php(800): CodeIgniter\BaseModel->insert([...], false)
 7 SYSTEMPATH\BaseModel.php(750): CodeIgniter\Model->insert([...], false)
 8 APPPATH\Controllers\AntrianController.php(60): CodeIgniter\BaseModel->save([...])
 9 SYSTEMPATH\CodeIgniter.php(933): App\Controllers\AntrianController->ambil('dosen')
10 SYSTEMPATH\CodeIgniter.php(507): CodeIgniter\CodeIgniter->runController(Object(App\Controllers\AntrianController))
11 SYSTEMPATH\CodeIgniter.php(354): CodeIgniter\CodeIgniter->handleRequest(null, Object(Config\Cache), false)
12 SYSTEMPATH\Boot.php(334): CodeIgniter\CodeIgniter->run()
13 SYSTEMPATH\Boot.php(67): CodeIgniter\Boot::runCodeIgniter(Object(CodeIgniter\CodeIgniter))
14 FCPATH\index.php(56): CodeIgniter\Boot::bootWeb(Object(Config\Paths))
15 SYSTEMPATH\rewrite.php(44): require_once('C:\\laragon\\www\\antrian\\public\\index.php')
CRITICAL - 2025-06-18 03:09:51 --> [Caused by] mysqli_sql_exception: You have an error in your SQL syntax; check the manual that corresponds to your MySQL server version for the right syntax to use near ') VALUES ('dosen', '2025-06-18 03:09:51', 2, 'menunggu', '2025-06-18 03:09:51', ' at line 1
in SYSTEMPATH\Database\MySQLi\Connection.php on line 327.
 1 SYSTEMPATH\Database\MySQLi\Connection.php(327): mysqli->query('INSERT INTO `antrian` (`kategori`, `waktu_antrian`, `nomor_antrian`, `status`, `created_at`, ) VALUES (\'dosen\', \'2025-06-18 03:09:51\', 2, \'menunggu\', \'2025-06-18 03:09:51\', \'2025-06-18 03:09:51\')', 0)
 2 SYSTEMPATH\Database\BaseConnection.php(738): CodeIgniter\Database\MySQLi\Connection->execute('INSERT INTO `antrian` (`kategori`, `waktu_antrian`, `nomor_antrian`, `status`, `created_at`, ) VALUES (\'dosen\', \'2025-06-18 03:09:51\', 2, \'menunggu\', \'2025-06-18 03:09:51\', \'2025-06-18 03:09:51\')')
 3 SYSTEMPATH\Database\BaseConnection.php(652): CodeIgniter\Database\BaseConnection->simpleQuery('INSERT INTO `antrian` (`kategori`, `waktu_antrian`, `nomor_antrian`, `status`, `created_at`, ) VALUES (\'dosen\', \'2025-06-18 03:09:51\', 2, \'menunggu\', \'2025-06-18 03:09:51\', \'2025-06-18 03:09:51\')')
 4 SYSTEMPATH\Database\BaseBuilder.php(2345): CodeIgniter\Database\BaseConnection->query('INSERT INTO `antrian` (`kategori`, `waktu_antrian`, `nomor_antrian`, `status`, `created_at`, ) VALUES (:kategori.1:, :waktu_antrian:, :nomor_antrian:, :status:, :created_at:, ::)', [...], false)
 5 SYSTEMPATH\Model.php(394): CodeIgniter\Database\BaseBuilder->insert()
 6 SYSTEMPATH\BaseModel.php(839): CodeIgniter\Model->doInsert([...])
 7 SYSTEMPATH\Model.php(800): CodeIgniter\BaseModel->insert([...], false)
 8 SYSTEMPATH\BaseModel.php(750): CodeIgniter\Model->insert([...], false)
 9 APPPATH\Controllers\AntrianController.php(60): CodeIgniter\BaseModel->save([...])
10 SYSTEMPATH\CodeIgniter.php(933): App\Controllers\AntrianController->ambil('dosen')
11 SYSTEMPATH\CodeIgniter.php(507): CodeIgniter\CodeIgniter->runController(Object(App\Controllers\AntrianController))
12 SYSTEMPATH\CodeIgniter.php(354): CodeIgniter\CodeIgniter->handleRequest(null, Object(Config\Cache), false)
13 SYSTEMPATH\Boot.php(334): CodeIgniter\CodeIgniter->run()
14 SYSTEMPATH\Boot.php(67): CodeIgniter\Boot::runCodeIgniter(Object(CodeIgniter\CodeIgniter))
15 FCPATH\index.php(56): CodeIgniter\Boot::bootWeb(Object(Config\Paths))
16 SYSTEMPATH\rewrite.php(44): require_once('C:\\laragon\\www\\antrian\\public\\index.php')
ERROR - 2025-06-18 03:09:52 --> mysqli_sql_exception: You have an error in your SQL syntax; check the manual that corresponds to your MySQL server version for the right syntax to use near ') VALUES ('dosen', '2025-06-18 03:09:52', 2, 'menunggu', '2025-06-18 03:09:52', ' at line 1 in C:\laragon\www\antrian\system\Database\MySQLi\Connection.php:327
Stack trace:
#0 C:\laragon\www\antrian\system\Database\MySQLi\Connection.php(327): mysqli->query('INSERT INTO `an...', 0)
#1 C:\laragon\www\antrian\system\Database\BaseConnection.php(738): CodeIgniter\Database\MySQLi\Connection->execute('INSERT INTO `an...')
#2 C:\laragon\www\antrian\system\Database\BaseConnection.php(652): CodeIgniter\Database\BaseConnection->simpleQuery('INSERT INTO `an...')
#3 C:\laragon\www\antrian\system\Database\BaseBuilder.php(2345): CodeIgniter\Database\BaseConnection->query('INSERT INTO `an...', Array, false)
#4 C:\laragon\www\antrian\system\Model.php(394): CodeIgniter\Database\BaseBuilder->insert()
#5 C:\laragon\www\antrian\system\BaseModel.php(839): CodeIgniter\Model->doInsert(Array)
#6 C:\laragon\www\antrian\system\Model.php(800): CodeIgniter\BaseModel->insert(Array, false)
#7 C:\laragon\www\antrian\system\BaseModel.php(750): CodeIgniter\Model->insert(Array, false)
#8 C:\laragon\www\antrian\app\Controllers\AntrianController.php(60): CodeIgniter\BaseModel->save(Array)
#9 C:\laragon\www\antrian\system\CodeIgniter.php(933): App\Controllers\AntrianController->ambil('dosen')
#10 C:\laragon\www\antrian\system\CodeIgniter.php(507): CodeIgniter\CodeIgniter->runController(Object(App\Controllers\AntrianController))
#11 C:\laragon\www\antrian\system\CodeIgniter.php(354): CodeIgniter\CodeIgniter->handleRequest(NULL, Object(Config\Cache), false)
#12 C:\laragon\www\antrian\system\Boot.php(334): CodeIgniter\CodeIgniter->run()
#13 C:\laragon\www\antrian\system\Boot.php(67): CodeIgniter\Boot::runCodeIgniter(Object(CodeIgniter\CodeIgniter))
#14 C:\laragon\www\antrian\public\index.php(56): CodeIgniter\Boot::bootWeb(Object(Config\Paths))
#15 C:\laragon\www\antrian\system\rewrite.php(44): require_once('C:\\laragon\\www\\...')
#16 {main}
CRITICAL - 2025-06-18 03:09:52 --> CodeIgniter\Database\Exceptions\DatabaseException: You have an error in your SQL syntax; check the manual that corresponds to your MySQL server version for the right syntax to use near ') VALUES ('dosen', '2025-06-18 03:09:52', 2, 'menunggu', '2025-06-18 03:09:52', ' at line 1
[Method: GET, Route: antrian/ambil/dosen]
in SYSTEMPATH\Database\BaseConnection.php on line 692.
 1 SYSTEMPATH\Database\BaseBuilder.php(2345): CodeIgniter\Database\BaseConnection->query('INSERT INTO `antrian` (`kategori`, `waktu_antrian`, `nomor_antrian`, `status`, `created_at`, ) VALUES (:kategori.1:, :waktu_antrian:, :nomor_antrian:, :status:, :created_at:, ::)', [...], false)
 2 SYSTEMPATH\Model.php(394): CodeIgniter\Database\BaseBuilder->insert()
 3 SYSTEMPATH\BaseModel.php(839): CodeIgniter\Model->doInsert([...])
 4 SYSTEMPATH\Model.php(800): CodeIgniter\BaseModel->insert([...], false)
 5 SYSTEMPATH\BaseModel.php(750): CodeIgniter\Model->insert([...], false)
 6 APPPATH\Controllers\AntrianController.php(60): CodeIgniter\BaseModel->save([...])
 7 SYSTEMPATH\CodeIgniter.php(933): App\Controllers\AntrianController->ambil('dosen')
 8 SYSTEMPATH\CodeIgniter.php(507): CodeIgniter\CodeIgniter->runController(Object(App\Controllers\AntrianController))
 9 SYSTEMPATH\CodeIgniter.php(354): CodeIgniter\CodeIgniter->handleRequest(null, Object(Config\Cache), false)
10 SYSTEMPATH\Boot.php(334): CodeIgniter\CodeIgniter->run()
11 SYSTEMPATH\Boot.php(67): CodeIgniter\Boot::runCodeIgniter(Object(CodeIgniter\CodeIgniter))
12 FCPATH\index.php(56): CodeIgniter\Boot::bootWeb(Object(Config\Paths))
13 SYSTEMPATH\rewrite.php(44): require_once('C:\\laragon\\www\\antrian\\public\\index.php')
CRITICAL - 2025-06-18 03:09:52 --> [Caused by] CodeIgniter\Database\Exceptions\DatabaseException: You have an error in your SQL syntax; check the manual that corresponds to your MySQL server version for the right syntax to use near ') VALUES ('dosen', '2025-06-18 03:09:52', 2, 'menunggu', '2025-06-18 03:09:52', ' at line 1
in SYSTEMPATH\Database\MySQLi\Connection.php on line 332.
 1 SYSTEMPATH\Database\BaseConnection.php(738): CodeIgniter\Database\MySQLi\Connection->execute('INSERT INTO `antrian` (`kategori`, `waktu_antrian`, `nomor_antrian`, `status`, `created_at`, ) VALUES (\'dosen\', \'2025-06-18 03:09:52\', 2, \'menunggu\', \'2025-06-18 03:09:52\', \'2025-06-18 03:09:52\')')
 2 SYSTEMPATH\Database\BaseConnection.php(652): CodeIgniter\Database\BaseConnection->simpleQuery('INSERT INTO `antrian` (`kategori`, `waktu_antrian`, `nomor_antrian`, `status`, `created_at`, ) VALUES (\'dosen\', \'2025-06-18 03:09:52\', 2, \'menunggu\', \'2025-06-18 03:09:52\', \'2025-06-18 03:09:52\')')
 3 SYSTEMPATH\Database\BaseBuilder.php(2345): CodeIgniter\Database\BaseConnection->query('INSERT INTO `antrian` (`kategori`, `waktu_antrian`, `nomor_antrian`, `status`, `created_at`, ) VALUES (:kategori.1:, :waktu_antrian:, :nomor_antrian:, :status:, :created_at:, ::)', [...], false)
 4 SYSTEMPATH\Model.php(394): CodeIgniter\Database\BaseBuilder->insert()
 5 SYSTEMPATH\BaseModel.php(839): CodeIgniter\Model->doInsert([...])
 6 SYSTEMPATH\Model.php(800): CodeIgniter\BaseModel->insert([...], false)
 7 SYSTEMPATH\BaseModel.php(750): CodeIgniter\Model->insert([...], false)
 8 APPPATH\Controllers\AntrianController.php(60): CodeIgniter\BaseModel->save([...])
 9 SYSTEMPATH\CodeIgniter.php(933): App\Controllers\AntrianController->ambil('dosen')
10 SYSTEMPATH\CodeIgniter.php(507): CodeIgniter\CodeIgniter->runController(Object(App\Controllers\AntrianController))
11 SYSTEMPATH\CodeIgniter.php(354): CodeIgniter\CodeIgniter->handleRequest(null, Object(Config\Cache), false)
12 SYSTEMPATH\Boot.php(334): CodeIgniter\CodeIgniter->run()
13 SYSTEMPATH\Boot.php(67): CodeIgniter\Boot::runCodeIgniter(Object(CodeIgniter\CodeIgniter))
14 FCPATH\index.php(56): CodeIgniter\Boot::bootWeb(Object(Config\Paths))
15 SYSTEMPATH\rewrite.php(44): require_once('C:\\laragon\\www\\antrian\\public\\index.php')
CRITICAL - 2025-06-18 03:09:52 --> [Caused by] mysqli_sql_exception: You have an error in your SQL syntax; check the manual that corresponds to your MySQL server version for the right syntax to use near ') VALUES ('dosen', '2025-06-18 03:09:52', 2, 'menunggu', '2025-06-18 03:09:52', ' at line 1
in SYSTEMPATH\Database\MySQLi\Connection.php on line 327.
 1 SYSTEMPATH\Database\MySQLi\Connection.php(327): mysqli->query('INSERT INTO `antrian` (`kategori`, `waktu_antrian`, `nomor_antrian`, `status`, `created_at`, ) VALUES (\'dosen\', \'2025-06-18 03:09:52\', 2, \'menunggu\', \'2025-06-18 03:09:52\', \'2025-06-18 03:09:52\')', 0)
 2 SYSTEMPATH\Database\BaseConnection.php(738): CodeIgniter\Database\MySQLi\Connection->execute('INSERT INTO `antrian` (`kategori`, `waktu_antrian`, `nomor_antrian`, `status`, `created_at`, ) VALUES (\'dosen\', \'2025-06-18 03:09:52\', 2, \'menunggu\', \'2025-06-18 03:09:52\', \'2025-06-18 03:09:52\')')
 3 SYSTEMPATH\Database\BaseConnection.php(652): CodeIgniter\Database\BaseConnection->simpleQuery('INSERT INTO `antrian` (`kategori`, `waktu_antrian`, `nomor_antrian`, `status`, `created_at`, ) VALUES (\'dosen\', \'2025-06-18 03:09:52\', 2, \'menunggu\', \'2025-06-18 03:09:52\', \'2025-06-18 03:09:52\')')
 4 SYSTEMPATH\Database\BaseBuilder.php(2345): CodeIgniter\Database\BaseConnection->query('INSERT INTO `antrian` (`kategori`, `waktu_antrian`, `nomor_antrian`, `status`, `created_at`, ) VALUES (:kategori.1:, :waktu_antrian:, :nomor_antrian:, :status:, :created_at:, ::)', [...], false)
 5 SYSTEMPATH\Model.php(394): CodeIgniter\Database\BaseBuilder->insert()
 6 SYSTEMPATH\BaseModel.php(839): CodeIgniter\Model->doInsert([...])
 7 SYSTEMPATH\Model.php(800): CodeIgniter\BaseModel->insert([...], false)
 8 SYSTEMPATH\BaseModel.php(750): CodeIgniter\Model->insert([...], false)
 9 APPPATH\Controllers\AntrianController.php(60): CodeIgniter\BaseModel->save([...])
10 SYSTEMPATH\CodeIgniter.php(933): App\Controllers\AntrianController->ambil('dosen')
11 SYSTEMPATH\CodeIgniter.php(507): CodeIgniter\CodeIgniter->runController(Object(App\Controllers\AntrianController))
12 SYSTEMPATH\CodeIgniter.php(354): CodeIgniter\CodeIgniter->handleRequest(null, Object(Config\Cache), false)
13 SYSTEMPATH\Boot.php(334): CodeIgniter\CodeIgniter->run()
14 SYSTEMPATH\Boot.php(67): CodeIgniter\Boot::runCodeIgniter(Object(CodeIgniter\CodeIgniter))
15 FCPATH\index.php(56): CodeIgniter\Boot::bootWeb(Object(Config\Paths))
16 SYSTEMPATH\rewrite.php(44): require_once('C:\\laragon\\www\\antrian\\public\\index.php')
DEBUG - 2025-06-18 03:10:00 --> Session: Class initialized using 'CodeIgniter\Session\Handlers\FileHandler' driver.
ERROR - 2025-06-18 03:10:02 --> mysqli_sql_exception: You have an error in your SQL syntax; check the manual that corresponds to your MySQL server version for the right syntax to use near ') VALUES ('dosen', '2025-06-18 03:10:02', 2, 'menunggu', '2025-06-18 03:10:02', ' at line 1 in C:\laragon\www\antrian\system\Database\MySQLi\Connection.php:327
Stack trace:
#0 C:\laragon\www\antrian\system\Database\MySQLi\Connection.php(327): mysqli->query('INSERT INTO `an...', 0)
#1 C:\laragon\www\antrian\system\Database\BaseConnection.php(738): CodeIgniter\Database\MySQLi\Connection->execute('INSERT INTO `an...')
#2 C:\laragon\www\antrian\system\Database\BaseConnection.php(652): CodeIgniter\Database\BaseConnection->simpleQuery('INSERT INTO `an...')
#3 C:\laragon\www\antrian\system\Database\BaseBuilder.php(2345): CodeIgniter\Database\BaseConnection->query('INSERT INTO `an...', Array, false)
#4 C:\laragon\www\antrian\system\Model.php(394): CodeIgniter\Database\BaseBuilder->insert()
#5 C:\laragon\www\antrian\system\BaseModel.php(839): CodeIgniter\Model->doInsert(Array)
#6 C:\laragon\www\antrian\system\Model.php(800): CodeIgniter\BaseModel->insert(Array, false)
#7 C:\laragon\www\antrian\system\BaseModel.php(750): CodeIgniter\Model->insert(Array, false)
#8 C:\laragon\www\antrian\app\Controllers\AntrianController.php(60): CodeIgniter\BaseModel->save(Array)
#9 C:\laragon\www\antrian\system\CodeIgniter.php(933): App\Controllers\AntrianController->ambil('dosen')
#10 C:\laragon\www\antrian\system\CodeIgniter.php(507): CodeIgniter\CodeIgniter->runController(Object(App\Controllers\AntrianController))
#11 C:\laragon\www\antrian\system\CodeIgniter.php(354): CodeIgniter\CodeIgniter->handleRequest(NULL, Object(Config\Cache), false)
#12 C:\laragon\www\antrian\system\Boot.php(334): CodeIgniter\CodeIgniter->run()
#13 C:\laragon\www\antrian\system\Boot.php(67): CodeIgniter\Boot::runCodeIgniter(Object(CodeIgniter\CodeIgniter))
#14 C:\laragon\www\antrian\public\index.php(56): CodeIgniter\Boot::bootWeb(Object(Config\Paths))
#15 C:\laragon\www\antrian\system\rewrite.php(44): require_once('C:\\laragon\\www\\...')
#16 {main}
CRITICAL - 2025-06-18 03:10:02 --> CodeIgniter\Database\Exceptions\DatabaseException: You have an error in your SQL syntax; check the manual that corresponds to your MySQL server version for the right syntax to use near ') VALUES ('dosen', '2025-06-18 03:10:02', 2, 'menunggu', '2025-06-18 03:10:02', ' at line 1
[Method: GET, Route: antrian/ambil/dosen]
in SYSTEMPATH\Database\BaseConnection.php on line 692.
 1 SYSTEMPATH\Database\BaseBuilder.php(2345): CodeIgniter\Database\BaseConnection->query('INSERT INTO `antrian` (`kategori`, `waktu_antrian`, `nomor_antrian`, `status`, `created_at`, ) VALUES (:kategori.1:, :waktu_antrian:, :nomor_antrian:, :status:, :created_at:, ::)', [...], false)
 2 SYSTEMPATH\Model.php(394): CodeIgniter\Database\BaseBuilder->insert()
 3 SYSTEMPATH\BaseModel.php(839): CodeIgniter\Model->doInsert([...])
 4 SYSTEMPATH\Model.php(800): CodeIgniter\BaseModel->insert([...], false)
 5 SYSTEMPATH\BaseModel.php(750): CodeIgniter\Model->insert([...], false)
 6 APPPATH\Controllers\AntrianController.php(60): CodeIgniter\BaseModel->save([...])
 7 SYSTEMPATH\CodeIgniter.php(933): App\Controllers\AntrianController->ambil('dosen')
 8 SYSTEMPATH\CodeIgniter.php(507): CodeIgniter\CodeIgniter->runController(Object(App\Controllers\AntrianController))
 9 SYSTEMPATH\CodeIgniter.php(354): CodeIgniter\CodeIgniter->handleRequest(null, Object(Config\Cache), false)
10 SYSTEMPATH\Boot.php(334): CodeIgniter\CodeIgniter->run()
11 SYSTEMPATH\Boot.php(67): CodeIgniter\Boot::runCodeIgniter(Object(CodeIgniter\CodeIgniter))
12 FCPATH\index.php(56): CodeIgniter\Boot::bootWeb(Object(Config\Paths))
13 SYSTEMPATH\rewrite.php(44): require_once('C:\\laragon\\www\\antrian\\public\\index.php')
CRITICAL - 2025-06-18 03:10:02 --> [Caused by] CodeIgniter\Database\Exceptions\DatabaseException: You have an error in your SQL syntax; check the manual that corresponds to your MySQL server version for the right syntax to use near ') VALUES ('dosen', '2025-06-18 03:10:02', 2, 'menunggu', '2025-06-18 03:10:02', ' at line 1
in SYSTEMPATH\Database\MySQLi\Connection.php on line 332.
 1 SYSTEMPATH\Database\BaseConnection.php(738): CodeIgniter\Database\MySQLi\Connection->execute('INSERT INTO `antrian` (`kategori`, `waktu_antrian`, `nomor_antrian`, `status`, `created_at`, ) VALUES (\'dosen\', \'2025-06-18 03:10:02\', 2, \'menunggu\', \'2025-06-18 03:10:02\', \'2025-06-18 03:10:02\')')
 2 SYSTEMPATH\Database\BaseConnection.php(652): CodeIgniter\Database\BaseConnection->simpleQuery('INSERT INTO `antrian` (`kategori`, `waktu_antrian`, `nomor_antrian`, `status`, `created_at`, ) VALUES (\'dosen\', \'2025-06-18 03:10:02\', 2, \'menunggu\', \'2025-06-18 03:10:02\', \'2025-06-18 03:10:02\')')
 3 SYSTEMPATH\Database\BaseBuilder.php(2345): CodeIgniter\Database\BaseConnection->query('INSERT INTO `antrian` (`kategori`, `waktu_antrian`, `nomor_antrian`, `status`, `created_at`, ) VALUES (:kategori.1:, :waktu_antrian:, :nomor_antrian:, :status:, :created_at:, ::)', [...], false)
 4 SYSTEMPATH\Model.php(394): CodeIgniter\Database\BaseBuilder->insert()
 5 SYSTEMPATH\BaseModel.php(839): CodeIgniter\Model->doInsert([...])
 6 SYSTEMPATH\Model.php(800): CodeIgniter\BaseModel->insert([...], false)
 7 SYSTEMPATH\BaseModel.php(750): CodeIgniter\Model->insert([...], false)
 8 APPPATH\Controllers\AntrianController.php(60): CodeIgniter\BaseModel->save([...])
 9 SYSTEMPATH\CodeIgniter.php(933): App\Controllers\AntrianController->ambil('dosen')
10 SYSTEMPATH\CodeIgniter.php(507): CodeIgniter\CodeIgniter->runController(Object(App\Controllers\AntrianController))
11 SYSTEMPATH\CodeIgniter.php(354): CodeIgniter\CodeIgniter->handleRequest(null, Object(Config\Cache), false)
12 SYSTEMPATH\Boot.php(334): CodeIgniter\CodeIgniter->run()
13 SYSTEMPATH\Boot.php(67): CodeIgniter\Boot::runCodeIgniter(Object(CodeIgniter\CodeIgniter))
14 FCPATH\index.php(56): CodeIgniter\Boot::bootWeb(Object(Config\Paths))
15 SYSTEMPATH\rewrite.php(44): require_once('C:\\laragon\\www\\antrian\\public\\index.php')
CRITICAL - 2025-06-18 03:10:02 --> [Caused by] mysqli_sql_exception: You have an error in your SQL syntax; check the manual that corresponds to your MySQL server version for the right syntax to use near ') VALUES ('dosen', '2025-06-18 03:10:02', 2, 'menunggu', '2025-06-18 03:10:02', ' at line 1
in SYSTEMPATH\Database\MySQLi\Connection.php on line 327.
 1 SYSTEMPATH\Database\MySQLi\Connection.php(327): mysqli->query('INSERT INTO `antrian` (`kategori`, `waktu_antrian`, `nomor_antrian`, `status`, `created_at`, ) VALUES (\'dosen\', \'2025-06-18 03:10:02\', 2, \'menunggu\', \'2025-06-18 03:10:02\', \'2025-06-18 03:10:02\')', 0)
 2 SYSTEMPATH\Database\BaseConnection.php(738): CodeIgniter\Database\MySQLi\Connection->execute('INSERT INTO `antrian` (`kategori`, `waktu_antrian`, `nomor_antrian`, `status`, `created_at`, ) VALUES (\'dosen\', \'2025-06-18 03:10:02\', 2, \'menunggu\', \'2025-06-18 03:10:02\', \'2025-06-18 03:10:02\')')
 3 SYSTEMPATH\Database\BaseConnection.php(652): CodeIgniter\Database\BaseConnection->simpleQuery('INSERT INTO `antrian` (`kategori`, `waktu_antrian`, `nomor_antrian`, `status`, `created_at`, ) VALUES (\'dosen\', \'2025-06-18 03:10:02\', 2, \'menunggu\', \'2025-06-18 03:10:02\', \'2025-06-18 03:10:02\')')
 4 SYSTEMPATH\Database\BaseBuilder.php(2345): CodeIgniter\Database\BaseConnection->query('INSERT INTO `antrian` (`kategori`, `waktu_antrian`, `nomor_antrian`, `status`, `created_at`, ) VALUES (:kategori.1:, :waktu_antrian:, :nomor_antrian:, :status:, :created_at:, ::)', [...], false)
 5 SYSTEMPATH\Model.php(394): CodeIgniter\Database\BaseBuilder->insert()
 6 SYSTEMPATH\BaseModel.php(839): CodeIgniter\Model->doInsert([...])
 7 SYSTEMPATH\Model.php(800): CodeIgniter\BaseModel->insert([...], false)
 8 SYSTEMPATH\BaseModel.php(750): CodeIgniter\Model->insert([...], false)
 9 APPPATH\Controllers\AntrianController.php(60): CodeIgniter\BaseModel->save([...])
10 SYSTEMPATH\CodeIgniter.php(933): App\Controllers\AntrianController->ambil('dosen')
11 SYSTEMPATH\CodeIgniter.php(507): CodeIgniter\CodeIgniter->runController(Object(App\Controllers\AntrianController))
12 SYSTEMPATH\CodeIgniter.php(354): CodeIgniter\CodeIgniter->handleRequest(null, Object(Config\Cache), false)
13 SYSTEMPATH\Boot.php(334): CodeIgniter\CodeIgniter->run()
14 SYSTEMPATH\Boot.php(67): CodeIgniter\Boot::runCodeIgniter(Object(CodeIgniter\CodeIgniter))
15 FCPATH\index.php(56): CodeIgniter\Boot::bootWeb(Object(Config\Paths))
16 SYSTEMPATH\rewrite.php(44): require_once('C:\\laragon\\www\\antrian\\public\\index.php')
DEBUG - 2025-06-18 03:10:10 --> Session: Class initialized using 'CodeIgniter\Session\Handlers\FileHandler' driver.
ERROR - 2025-06-18 03:10:31 --> mysqli_sql_exception: You have an error in your SQL syntax; check the manual that corresponds to your MySQL server version for the right syntax to use near ') VALUES ('dosen', '2025-06-18 03:10:31', 2, 'menunggu', '2025-06-18 03:10:31', ' at line 1 in C:\laragon\www\antrian\system\Database\MySQLi\Connection.php:327
Stack trace:
#0 C:\laragon\www\antrian\system\Database\MySQLi\Connection.php(327): mysqli->query('INSERT INTO `an...', 0)
#1 C:\laragon\www\antrian\system\Database\BaseConnection.php(738): CodeIgniter\Database\MySQLi\Connection->execute('INSERT INTO `an...')
#2 C:\laragon\www\antrian\system\Database\BaseConnection.php(652): CodeIgniter\Database\BaseConnection->simpleQuery('INSERT INTO `an...')
#3 C:\laragon\www\antrian\system\Database\BaseBuilder.php(2345): CodeIgniter\Database\BaseConnection->query('INSERT INTO `an...', Array, false)
#4 C:\laragon\www\antrian\system\Model.php(394): CodeIgniter\Database\BaseBuilder->insert()
#5 C:\laragon\www\antrian\system\BaseModel.php(839): CodeIgniter\Model->doInsert(Array)
#6 C:\laragon\www\antrian\system\Model.php(800): CodeIgniter\BaseModel->insert(Array, false)
#7 C:\laragon\www\antrian\system\BaseModel.php(750): CodeIgniter\Model->insert(Array, false)
#8 C:\laragon\www\antrian\app\Controllers\AntrianController.php(60): CodeIgniter\BaseModel->save(Array)
#9 C:\laragon\www\antrian\system\CodeIgniter.php(933): App\Controllers\AntrianController->ambil('dosen')
#10 C:\laragon\www\antrian\system\CodeIgniter.php(507): CodeIgniter\CodeIgniter->runController(Object(App\Controllers\AntrianController))
#11 C:\laragon\www\antrian\system\CodeIgniter.php(354): CodeIgniter\CodeIgniter->handleRequest(NULL, Object(Config\Cache), false)
#12 C:\laragon\www\antrian\system\Boot.php(334): CodeIgniter\CodeIgniter->run()
#13 C:\laragon\www\antrian\system\Boot.php(67): CodeIgniter\Boot::runCodeIgniter(Object(CodeIgniter\CodeIgniter))
#14 C:\laragon\www\antrian\public\index.php(56): CodeIgniter\Boot::bootWeb(Object(Config\Paths))
#15 C:\laragon\www\antrian\system\rewrite.php(44): require_once('C:\\laragon\\www\\...')
#16 {main}
CRITICAL - 2025-06-18 03:10:31 --> CodeIgniter\Database\Exceptions\DatabaseException: You have an error in your SQL syntax; check the manual that corresponds to your MySQL server version for the right syntax to use near ') VALUES ('dosen', '2025-06-18 03:10:31', 2, 'menunggu', '2025-06-18 03:10:31', ' at line 1
[Method: GET, Route: antrian/ambil/dosen]
in SYSTEMPATH\Database\BaseConnection.php on line 692.
 1 SYSTEMPATH\Database\BaseBuilder.php(2345): CodeIgniter\Database\BaseConnection->query('INSERT INTO `antrian` (`kategori`, `waktu_antrian`, `nomor_antrian`, `status`, `created_at`, ) VALUES (:kategori.1:, :waktu_antrian:, :nomor_antrian:, :status:, :created_at:, ::)', [...], false)
 2 SYSTEMPATH\Model.php(394): CodeIgniter\Database\BaseBuilder->insert()
 3 SYSTEMPATH\BaseModel.php(839): CodeIgniter\Model->doInsert([...])
 4 SYSTEMPATH\Model.php(800): CodeIgniter\BaseModel->insert([...], false)
 5 SYSTEMPATH\BaseModel.php(750): CodeIgniter\Model->insert([...], false)
 6 APPPATH\Controllers\AntrianController.php(60): CodeIgniter\BaseModel->save([...])
 7 SYSTEMPATH\CodeIgniter.php(933): App\Controllers\AntrianController->ambil('dosen')
 8 SYSTEMPATH\CodeIgniter.php(507): CodeIgniter\CodeIgniter->runController(Object(App\Controllers\AntrianController))
 9 SYSTEMPATH\CodeIgniter.php(354): CodeIgniter\CodeIgniter->handleRequest(null, Object(Config\Cache), false)
10 SYSTEMPATH\Boot.php(334): CodeIgniter\CodeIgniter->run()
11 SYSTEMPATH\Boot.php(67): CodeIgniter\Boot::runCodeIgniter(Object(CodeIgniter\CodeIgniter))
12 FCPATH\index.php(56): CodeIgniter\Boot::bootWeb(Object(Config\Paths))
13 SYSTEMPATH\rewrite.php(44): require_once('C:\\laragon\\www\\antrian\\public\\index.php')
CRITICAL - 2025-06-18 03:10:31 --> [Caused by] CodeIgniter\Database\Exceptions\DatabaseException: You have an error in your SQL syntax; check the manual that corresponds to your MySQL server version for the right syntax to use near ') VALUES ('dosen', '2025-06-18 03:10:31', 2, 'menunggu', '2025-06-18 03:10:31', ' at line 1
in SYSTEMPATH\Database\MySQLi\Connection.php on line 332.
 1 SYSTEMPATH\Database\BaseConnection.php(738): CodeIgniter\Database\MySQLi\Connection->execute('INSERT INTO `antrian` (`kategori`, `waktu_antrian`, `nomor_antrian`, `status`, `created_at`, ) VALUES (\'dosen\', \'2025-06-18 03:10:31\', 2, \'menunggu\', \'2025-06-18 03:10:31\', \'2025-06-18 03:10:31\')')
 2 SYSTEMPATH\Database\BaseConnection.php(652): CodeIgniter\Database\BaseConnection->simpleQuery('INSERT INTO `antrian` (`kategori`, `waktu_antrian`, `nomor_antrian`, `status`, `created_at`, ) VALUES (\'dosen\', \'2025-06-18 03:10:31\', 2, \'menunggu\', \'2025-06-18 03:10:31\', \'2025-06-18 03:10:31\')')
 3 SYSTEMPATH\Database\BaseBuilder.php(2345): CodeIgniter\Database\BaseConnection->query('INSERT INTO `antrian` (`kategori`, `waktu_antrian`, `nomor_antrian`, `status`, `created_at`, ) VALUES (:kategori.1:, :waktu_antrian:, :nomor_antrian:, :status:, :created_at:, ::)', [...], false)
 4 SYSTEMPATH\Model.php(394): CodeIgniter\Database\BaseBuilder->insert()
 5 SYSTEMPATH\BaseModel.php(839): CodeIgniter\Model->doInsert([...])
 6 SYSTEMPATH\Model.php(800): CodeIgniter\BaseModel->insert([...], false)
 7 SYSTEMPATH\BaseModel.php(750): CodeIgniter\Model->insert([...], false)
 8 APPPATH\Controllers\AntrianController.php(60): CodeIgniter\BaseModel->save([...])
 9 SYSTEMPATH\CodeIgniter.php(933): App\Controllers\AntrianController->ambil('dosen')
10 SYSTEMPATH\CodeIgniter.php(507): CodeIgniter\CodeIgniter->runController(Object(App\Controllers\AntrianController))
11 SYSTEMPATH\CodeIgniter.php(354): CodeIgniter\CodeIgniter->handleRequest(null, Object(Config\Cache), false)
12 SYSTEMPATH\Boot.php(334): CodeIgniter\CodeIgniter->run()
13 SYSTEMPATH\Boot.php(67): CodeIgniter\Boot::runCodeIgniter(Object(CodeIgniter\CodeIgniter))
14 FCPATH\index.php(56): CodeIgniter\Boot::bootWeb(Object(Config\Paths))
15 SYSTEMPATH\rewrite.php(44): require_once('C:\\laragon\\www\\antrian\\public\\index.php')
CRITICAL - 2025-06-18 03:10:31 --> [Caused by] mysqli_sql_exception: You have an error in your SQL syntax; check the manual that corresponds to your MySQL server version for the right syntax to use near ') VALUES ('dosen', '2025-06-18 03:10:31', 2, 'menunggu', '2025-06-18 03:10:31', ' at line 1
in SYSTEMPATH\Database\MySQLi\Connection.php on line 327.
 1 SYSTEMPATH\Database\MySQLi\Connection.php(327): mysqli->query('INSERT INTO `antrian` (`kategori`, `waktu_antrian`, `nomor_antrian`, `status`, `created_at`, ) VALUES (\'dosen\', \'2025-06-18 03:10:31\', 2, \'menunggu\', \'2025-06-18 03:10:31\', \'2025-06-18 03:10:31\')', 0)
 2 SYSTEMPATH\Database\BaseConnection.php(738): CodeIgniter\Database\MySQLi\Connection->execute('INSERT INTO `antrian` (`kategori`, `waktu_antrian`, `nomor_antrian`, `status`, `created_at`, ) VALUES (\'dosen\', \'2025-06-18 03:10:31\', 2, \'menunggu\', \'2025-06-18 03:10:31\', \'2025-06-18 03:10:31\')')
 3 SYSTEMPATH\Database\BaseConnection.php(652): CodeIgniter\Database\BaseConnection->simpleQuery('INSERT INTO `antrian` (`kategori`, `waktu_antrian`, `nomor_antrian`, `status`, `created_at`, ) VALUES (\'dosen\', \'2025-06-18 03:10:31\', 2, \'menunggu\', \'2025-06-18 03:10:31\', \'2025-06-18 03:10:31\')')
 4 SYSTEMPATH\Database\BaseBuilder.php(2345): CodeIgniter\Database\BaseConnection->query('INSERT INTO `antrian` (`kategori`, `waktu_antrian`, `nomor_antrian`, `status`, `created_at`, ) VALUES (:kategori.1:, :waktu_antrian:, :nomor_antrian:, :status:, :created_at:, ::)', [...], false)
 5 SYSTEMPATH\Model.php(394): CodeIgniter\Database\BaseBuilder->insert()
 6 SYSTEMPATH\BaseModel.php(839): CodeIgniter\Model->doInsert([...])
 7 SYSTEMPATH\Model.php(800): CodeIgniter\BaseModel->insert([...], false)
 8 SYSTEMPATH\BaseModel.php(750): CodeIgniter\Model->insert([...], false)
 9 APPPATH\Controllers\AntrianController.php(60): CodeIgniter\BaseModel->save([...])
10 SYSTEMPATH\CodeIgniter.php(933): App\Controllers\AntrianController->ambil('dosen')
11 SYSTEMPATH\CodeIgniter.php(507): CodeIgniter\CodeIgniter->runController(Object(App\Controllers\AntrianController))
12 SYSTEMPATH\CodeIgniter.php(354): CodeIgniter\CodeIgniter->handleRequest(null, Object(Config\Cache), false)
13 SYSTEMPATH\Boot.php(334): CodeIgniter\CodeIgniter->run()
14 SYSTEMPATH\Boot.php(67): CodeIgniter\Boot::runCodeIgniter(Object(CodeIgniter\CodeIgniter))
15 FCPATH\index.php(56): CodeIgniter\Boot::bootWeb(Object(Config\Paths))
16 SYSTEMPATH\rewrite.php(44): require_once('C:\\laragon\\www\\antrian\\public\\index.php')
ERROR - 2025-06-18 03:13:45 --> mysqli_sql_exception: You have an error in your SQL syntax; check the manual that corresponds to your MySQL server version for the right syntax to use near ') VALUES ('dosen', '2025-06-18 03:13:45', 2, 'menunggu', '2025-06-18 03:13:45', ' at line 1 in C:\laragon\www\antrian\system\Database\MySQLi\Connection.php:327
Stack trace:
#0 C:\laragon\www\antrian\system\Database\MySQLi\Connection.php(327): mysqli->query('INSERT INTO `an...', 0)
#1 C:\laragon\www\antrian\system\Database\BaseConnection.php(738): CodeIgniter\Database\MySQLi\Connection->execute('INSERT INTO `an...')
#2 C:\laragon\www\antrian\system\Database\BaseConnection.php(652): CodeIgniter\Database\BaseConnection->simpleQuery('INSERT INTO `an...')
#3 C:\laragon\www\antrian\system\Database\BaseBuilder.php(2345): CodeIgniter\Database\BaseConnection->query('INSERT INTO `an...', Array, false)
#4 C:\laragon\www\antrian\system\Model.php(394): CodeIgniter\Database\BaseBuilder->insert()
#5 C:\laragon\www\antrian\system\BaseModel.php(839): CodeIgniter\Model->doInsert(Array)
#6 C:\laragon\www\antrian\system\Model.php(800): CodeIgniter\BaseModel->insert(Array, false)
#7 C:\laragon\www\antrian\system\BaseModel.php(750): CodeIgniter\Model->insert(Array, false)
#8 C:\laragon\www\antrian\app\Controllers\AntrianController.php(60): CodeIgniter\BaseModel->save(Array)
#9 C:\laragon\www\antrian\system\CodeIgniter.php(933): App\Controllers\AntrianController->ambil('dosen')
#10 C:\laragon\www\antrian\system\CodeIgniter.php(507): CodeIgniter\CodeIgniter->runController(Object(App\Controllers\AntrianController))
#11 C:\laragon\www\antrian\system\CodeIgniter.php(354): CodeIgniter\CodeIgniter->handleRequest(NULL, Object(Config\Cache), false)
#12 C:\laragon\www\antrian\system\Boot.php(334): CodeIgniter\CodeIgniter->run()
#13 C:\laragon\www\antrian\system\Boot.php(67): CodeIgniter\Boot::runCodeIgniter(Object(CodeIgniter\CodeIgniter))
#14 C:\laragon\www\antrian\public\index.php(56): CodeIgniter\Boot::bootWeb(Object(Config\Paths))
#15 C:\laragon\www\antrian\system\rewrite.php(44): require_once('C:\\laragon\\www\\...')
#16 {main}
CRITICAL - 2025-06-18 03:13:45 --> CodeIgniter\Database\Exceptions\DatabaseException: You have an error in your SQL syntax; check the manual that corresponds to your MySQL server version for the right syntax to use near ') VALUES ('dosen', '2025-06-18 03:13:45', 2, 'menunggu', '2025-06-18 03:13:45', ' at line 1
[Method: GET, Route: antrian/ambil/dosen]
in SYSTEMPATH\Database\BaseConnection.php on line 692.
 1 SYSTEMPATH\Database\BaseBuilder.php(2345): CodeIgniter\Database\BaseConnection->query('INSERT INTO `antrian` (`kategori`, `waktu_antrian`, `nomor_antrian`, `status`, `created_at`, ) VALUES (:kategori.1:, :waktu_antrian:, :nomor_antrian:, :status:, :created_at:, ::)', [...], false)
 2 SYSTEMPATH\Model.php(394): CodeIgniter\Database\BaseBuilder->insert()
 3 SYSTEMPATH\BaseModel.php(839): CodeIgniter\Model->doInsert([...])
 4 SYSTEMPATH\Model.php(800): CodeIgniter\BaseModel->insert([...], false)
 5 SYSTEMPATH\BaseModel.php(750): CodeIgniter\Model->insert([...], false)
 6 APPPATH\Controllers\AntrianController.php(60): CodeIgniter\BaseModel->save([...])
 7 SYSTEMPATH\CodeIgniter.php(933): App\Controllers\AntrianController->ambil('dosen')
 8 SYSTEMPATH\CodeIgniter.php(507): CodeIgniter\CodeIgniter->runController(Object(App\Controllers\AntrianController))
 9 SYSTEMPATH\CodeIgniter.php(354): CodeIgniter\CodeIgniter->handleRequest(null, Object(Config\Cache), false)
10 SYSTEMPATH\Boot.php(334): CodeIgniter\CodeIgniter->run()
11 SYSTEMPATH\Boot.php(67): CodeIgniter\Boot::runCodeIgniter(Object(CodeIgniter\CodeIgniter))
12 FCPATH\index.php(56): CodeIgniter\Boot::bootWeb(Object(Config\Paths))
13 SYSTEMPATH\rewrite.php(44): require_once('C:\\laragon\\www\\antrian\\public\\index.php')
CRITICAL - 2025-06-18 03:13:45 --> [Caused by] CodeIgniter\Database\Exceptions\DatabaseException: You have an error in your SQL syntax; check the manual that corresponds to your MySQL server version for the right syntax to use near ') VALUES ('dosen', '2025-06-18 03:13:45', 2, 'menunggu', '2025-06-18 03:13:45', ' at line 1
in SYSTEMPATH\Database\MySQLi\Connection.php on line 332.
 1 SYSTEMPATH\Database\BaseConnection.php(738): CodeIgniter\Database\MySQLi\Connection->execute('INSERT INTO `antrian` (`kategori`, `waktu_antrian`, `nomor_antrian`, `status`, `created_at`, ) VALUES (\'dosen\', \'2025-06-18 03:13:45\', 2, \'menunggu\', \'2025-06-18 03:13:45\', \'2025-06-18 03:13:45\')')
 2 SYSTEMPATH\Database\BaseConnection.php(652): CodeIgniter\Database\BaseConnection->simpleQuery('INSERT INTO `antrian` (`kategori`, `waktu_antrian`, `nomor_antrian`, `status`, `created_at`, ) VALUES (\'dosen\', \'2025-06-18 03:13:45\', 2, \'menunggu\', \'2025-06-18 03:13:45\', \'2025-06-18 03:13:45\')')
 3 SYSTEMPATH\Database\BaseBuilder.php(2345): CodeIgniter\Database\BaseConnection->query('INSERT INTO `antrian` (`kategori`, `waktu_antrian`, `nomor_antrian`, `status`, `created_at`, ) VALUES (:kategori.1:, :waktu_antrian:, :nomor_antrian:, :status:, :created_at:, ::)', [...], false)
 4 SYSTEMPATH\Model.php(394): CodeIgniter\Database\BaseBuilder->insert()
 5 SYSTEMPATH\BaseModel.php(839): CodeIgniter\Model->doInsert([...])
 6 SYSTEMPATH\Model.php(800): CodeIgniter\BaseModel->insert([...], false)
 7 SYSTEMPATH\BaseModel.php(750): CodeIgniter\Model->insert([...], false)
 8 APPPATH\Controllers\AntrianController.php(60): CodeIgniter\BaseModel->save([...])
 9 SYSTEMPATH\CodeIgniter.php(933): App\Controllers\AntrianController->ambil('dosen')
10 SYSTEMPATH\CodeIgniter.php(507): CodeIgniter\CodeIgniter->runController(Object(App\Controllers\AntrianController))
11 SYSTEMPATH\CodeIgniter.php(354): CodeIgniter\CodeIgniter->handleRequest(null, Object(Config\Cache), false)
12 SYSTEMPATH\Boot.php(334): CodeIgniter\CodeIgniter->run()
13 SYSTEMPATH\Boot.php(67): CodeIgniter\Boot::runCodeIgniter(Object(CodeIgniter\CodeIgniter))
14 FCPATH\index.php(56): CodeIgniter\Boot::bootWeb(Object(Config\Paths))
15 SYSTEMPATH\rewrite.php(44): require_once('C:\\laragon\\www\\antrian\\public\\index.php')
CRITICAL - 2025-06-18 03:13:45 --> [Caused by] mysqli_sql_exception: You have an error in your SQL syntax; check the manual that corresponds to your MySQL server version for the right syntax to use near ') VALUES ('dosen', '2025-06-18 03:13:45', 2, 'menunggu', '2025-06-18 03:13:45', ' at line 1
in SYSTEMPATH\Database\MySQLi\Connection.php on line 327.
 1 SYSTEMPATH\Database\MySQLi\Connection.php(327): mysqli->query('INSERT INTO `antrian` (`kategori`, `waktu_antrian`, `nomor_antrian`, `status`, `created_at`, ) VALUES (\'dosen\', \'2025-06-18 03:13:45\', 2, \'menunggu\', \'2025-06-18 03:13:45\', \'2025-06-18 03:13:45\')', 0)
 2 SYSTEMPATH\Database\BaseConnection.php(738): CodeIgniter\Database\MySQLi\Connection->execute('INSERT INTO `antrian` (`kategori`, `waktu_antrian`, `nomor_antrian`, `status`, `created_at`, ) VALUES (\'dosen\', \'2025-06-18 03:13:45\', 2, \'menunggu\', \'2025-06-18 03:13:45\', \'2025-06-18 03:13:45\')')
 3 SYSTEMPATH\Database\BaseConnection.php(652): CodeIgniter\Database\BaseConnection->simpleQuery('INSERT INTO `antrian` (`kategori`, `waktu_antrian`, `nomor_antrian`, `status`, `created_at`, ) VALUES (\'dosen\', \'2025-06-18 03:13:45\', 2, \'menunggu\', \'2025-06-18 03:13:45\', \'2025-06-18 03:13:45\')')
 4 SYSTEMPATH\Database\BaseBuilder.php(2345): CodeIgniter\Database\BaseConnection->query('INSERT INTO `antrian` (`kategori`, `waktu_antrian`, `nomor_antrian`, `status`, `created_at`, ) VALUES (:kategori.1:, :waktu_antrian:, :nomor_antrian:, :status:, :created_at:, ::)', [...], false)
 5 SYSTEMPATH\Model.php(394): CodeIgniter\Database\BaseBuilder->insert()
 6 SYSTEMPATH\BaseModel.php(839): CodeIgniter\Model->doInsert([...])
 7 SYSTEMPATH\Model.php(800): CodeIgniter\BaseModel->insert([...], false)
 8 SYSTEMPATH\BaseModel.php(750): CodeIgniter\Model->insert([...], false)
 9 APPPATH\Controllers\AntrianController.php(60): CodeIgniter\BaseModel->save([...])
10 SYSTEMPATH\CodeIgniter.php(933): App\Controllers\AntrianController->ambil('dosen')
11 SYSTEMPATH\CodeIgniter.php(507): CodeIgniter\CodeIgniter->runController(Object(App\Controllers\AntrianController))
12 SYSTEMPATH\CodeIgniter.php(354): CodeIgniter\CodeIgniter->handleRequest(null, Object(Config\Cache), false)
13 SYSTEMPATH\Boot.php(334): CodeIgniter\CodeIgniter->run()
14 SYSTEMPATH\Boot.php(67): CodeIgniter\Boot::runCodeIgniter(Object(CodeIgniter\CodeIgniter))
15 FCPATH\index.php(56): CodeIgniter\Boot::bootWeb(Object(Config\Paths))
16 SYSTEMPATH\rewrite.php(44): require_once('C:\\laragon\\www\\antrian\\public\\index.php')
DEBUG - 2025-06-18 03:13:50 --> Session: Class initialized using 'CodeIgniter\Session\Handlers\FileHandler' driver.
DEBUG - 2025-06-18 03:13:52 --> Session: Class initialized using 'CodeIgniter\Session\Handlers\FileHandler' driver.
ERROR - 2025-06-18 03:13:54 --> mysqli_sql_exception: You have an error in your SQL syntax; check the manual that corresponds to your MySQL server version for the right syntax to use near ') VALUES ('dosen', '2025-06-18 03:13:54', 2, 'menunggu', '2025-06-18 03:13:54', ' at line 1 in C:\laragon\www\antrian\system\Database\MySQLi\Connection.php:327
Stack trace:
#0 C:\laragon\www\antrian\system\Database\MySQLi\Connection.php(327): mysqli->query('INSERT INTO `an...', 0)
#1 C:\laragon\www\antrian\system\Database\BaseConnection.php(738): CodeIgniter\Database\MySQLi\Connection->execute('INSERT INTO `an...')
#2 C:\laragon\www\antrian\system\Database\BaseConnection.php(652): CodeIgniter\Database\BaseConnection->simpleQuery('INSERT INTO `an...')
#3 C:\laragon\www\antrian\system\Database\BaseBuilder.php(2345): CodeIgniter\Database\BaseConnection->query('INSERT INTO `an...', Array, false)
#4 C:\laragon\www\antrian\system\Model.php(394): CodeIgniter\Database\BaseBuilder->insert()
#5 C:\laragon\www\antrian\system\BaseModel.php(839): CodeIgniter\Model->doInsert(Array)
#6 C:\laragon\www\antrian\system\Model.php(800): CodeIgniter\BaseModel->insert(Array, false)
#7 C:\laragon\www\antrian\system\BaseModel.php(750): CodeIgniter\Model->insert(Array, false)
#8 C:\laragon\www\antrian\app\Controllers\AntrianController.php(60): CodeIgniter\BaseModel->save(Array)
#9 C:\laragon\www\antrian\system\CodeIgniter.php(933): App\Controllers\AntrianController->ambil('dosen')
#10 C:\laragon\www\antrian\system\CodeIgniter.php(507): CodeIgniter\CodeIgniter->runController(Object(App\Controllers\AntrianController))
#11 C:\laragon\www\antrian\system\CodeIgniter.php(354): CodeIgniter\CodeIgniter->handleRequest(NULL, Object(Config\Cache), false)
#12 C:\laragon\www\antrian\system\Boot.php(334): CodeIgniter\CodeIgniter->run()
#13 C:\laragon\www\antrian\system\Boot.php(67): CodeIgniter\Boot::runCodeIgniter(Object(CodeIgniter\CodeIgniter))
#14 C:\laragon\www\antrian\public\index.php(56): CodeIgniter\Boot::bootWeb(Object(Config\Paths))
#15 C:\laragon\www\antrian\system\rewrite.php(44): require_once('C:\\laragon\\www\\...')
#16 {main}
CRITICAL - 2025-06-18 03:13:54 --> CodeIgniter\Database\Exceptions\DatabaseException: You have an error in your SQL syntax; check the manual that corresponds to your MySQL server version for the right syntax to use near ') VALUES ('dosen', '2025-06-18 03:13:54', 2, 'menunggu', '2025-06-18 03:13:54', ' at line 1
[Method: GET, Route: antrian/ambil/dosen]
in SYSTEMPATH\Database\BaseConnection.php on line 692.
 1 SYSTEMPATH\Database\BaseBuilder.php(2345): CodeIgniter\Database\BaseConnection->query('INSERT INTO `antrian` (`kategori`, `waktu_antrian`, `nomor_antrian`, `status`, `created_at`, ) VALUES (:kategori.1:, :waktu_antrian:, :nomor_antrian:, :status:, :created_at:, ::)', [...], false)
 2 SYSTEMPATH\Model.php(394): CodeIgniter\Database\BaseBuilder->insert()
 3 SYSTEMPATH\BaseModel.php(839): CodeIgniter\Model->doInsert([...])
 4 SYSTEMPATH\Model.php(800): CodeIgniter\BaseModel->insert([...], false)
 5 SYSTEMPATH\BaseModel.php(750): CodeIgniter\Model->insert([...], false)
 6 APPPATH\Controllers\AntrianController.php(60): CodeIgniter\BaseModel->save([...])
 7 SYSTEMPATH\CodeIgniter.php(933): App\Controllers\AntrianController->ambil('dosen')
 8 SYSTEMPATH\CodeIgniter.php(507): CodeIgniter\CodeIgniter->runController(Object(App\Controllers\AntrianController))
 9 SYSTEMPATH\CodeIgniter.php(354): CodeIgniter\CodeIgniter->handleRequest(null, Object(Config\Cache), false)
10 SYSTEMPATH\Boot.php(334): CodeIgniter\CodeIgniter->run()
11 SYSTEMPATH\Boot.php(67): CodeIgniter\Boot::runCodeIgniter(Object(CodeIgniter\CodeIgniter))
12 FCPATH\index.php(56): CodeIgniter\Boot::bootWeb(Object(Config\Paths))
13 SYSTEMPATH\rewrite.php(44): require_once('C:\\laragon\\www\\antrian\\public\\index.php')
CRITICAL - 2025-06-18 03:13:54 --> [Caused by] CodeIgniter\Database\Exceptions\DatabaseException: You have an error in your SQL syntax; check the manual that corresponds to your MySQL server version for the right syntax to use near ') VALUES ('dosen', '2025-06-18 03:13:54', 2, 'menunggu', '2025-06-18 03:13:54', ' at line 1
in SYSTEMPATH\Database\MySQLi\Connection.php on line 332.
 1 SYSTEMPATH\Database\BaseConnection.php(738): CodeIgniter\Database\MySQLi\Connection->execute('INSERT INTO `antrian` (`kategori`, `waktu_antrian`, `nomor_antrian`, `status`, `created_at`, ) VALUES (\'dosen\', \'2025-06-18 03:13:54\', 2, \'menunggu\', \'2025-06-18 03:13:54\', \'2025-06-18 03:13:54\')')
 2 SYSTEMPATH\Database\BaseConnection.php(652): CodeIgniter\Database\BaseConnection->simpleQuery('INSERT INTO `antrian` (`kategori`, `waktu_antrian`, `nomor_antrian`, `status`, `created_at`, ) VALUES (\'dosen\', \'2025-06-18 03:13:54\', 2, \'menunggu\', \'2025-06-18 03:13:54\', \'2025-06-18 03:13:54\')')
 3 SYSTEMPATH\Database\BaseBuilder.php(2345): CodeIgniter\Database\BaseConnection->query('INSERT INTO `antrian` (`kategori`, `waktu_antrian`, `nomor_antrian`, `status`, `created_at`, ) VALUES (:kategori.1:, :waktu_antrian:, :nomor_antrian:, :status:, :created_at:, ::)', [...], false)
 4 SYSTEMPATH\Model.php(394): CodeIgniter\Database\BaseBuilder->insert()
 5 SYSTEMPATH\BaseModel.php(839): CodeIgniter\Model->doInsert([...])
 6 SYSTEMPATH\Model.php(800): CodeIgniter\BaseModel->insert([...], false)
 7 SYSTEMPATH\BaseModel.php(750): CodeIgniter\Model->insert([...], false)
 8 APPPATH\Controllers\AntrianController.php(60): CodeIgniter\BaseModel->save([...])
 9 SYSTEMPATH\CodeIgniter.php(933): App\Controllers\AntrianController->ambil('dosen')
10 SYSTEMPATH\CodeIgniter.php(507): CodeIgniter\CodeIgniter->runController(Object(App\Controllers\AntrianController))
11 SYSTEMPATH\CodeIgniter.php(354): CodeIgniter\CodeIgniter->handleRequest(null, Object(Config\Cache), false)
12 SYSTEMPATH\Boot.php(334): CodeIgniter\CodeIgniter->run()
13 SYSTEMPATH\Boot.php(67): CodeIgniter\Boot::runCodeIgniter(Object(CodeIgniter\CodeIgniter))
14 FCPATH\index.php(56): CodeIgniter\Boot::bootWeb(Object(Config\Paths))
15 SYSTEMPATH\rewrite.php(44): require_once('C:\\laragon\\www\\antrian\\public\\index.php')
CRITICAL - 2025-06-18 03:13:54 --> [Caused by] mysqli_sql_exception: You have an error in your SQL syntax; check the manual that corresponds to your MySQL server version for the right syntax to use near ') VALUES ('dosen', '2025-06-18 03:13:54', 2, 'menunggu', '2025-06-18 03:13:54', ' at line 1
in SYSTEMPATH\Database\MySQLi\Connection.php on line 327.
 1 SYSTEMPATH\Database\MySQLi\Connection.php(327): mysqli->query('INSERT INTO `antrian` (`kategori`, `waktu_antrian`, `nomor_antrian`, `status`, `created_at`, ) VALUES (\'dosen\', \'2025-06-18 03:13:54\', 2, \'menunggu\', \'2025-06-18 03:13:54\', \'2025-06-18 03:13:54\')', 0)
 2 SYSTEMPATH\Database\BaseConnection.php(738): CodeIgniter\Database\MySQLi\Connection->execute('INSERT INTO `antrian` (`kategori`, `waktu_antrian`, `nomor_antrian`, `status`, `created_at`, ) VALUES (\'dosen\', \'2025-06-18 03:13:54\', 2, \'menunggu\', \'2025-06-18 03:13:54\', \'2025-06-18 03:13:54\')')
 3 SYSTEMPATH\Database\BaseConnection.php(652): CodeIgniter\Database\BaseConnection->simpleQuery('INSERT INTO `antrian` (`kategori`, `waktu_antrian`, `nomor_antrian`, `status`, `created_at`, ) VALUES (\'dosen\', \'2025-06-18 03:13:54\', 2, \'menunggu\', \'2025-06-18 03:13:54\', \'2025-06-18 03:13:54\')')
 4 SYSTEMPATH\Database\BaseBuilder.php(2345): CodeIgniter\Database\BaseConnection->query('INSERT INTO `antrian` (`kategori`, `waktu_antrian`, `nomor_antrian`, `status`, `created_at`, ) VALUES (:kategori.1:, :waktu_antrian:, :nomor_antrian:, :status:, :created_at:, ::)', [...], false)
 5 SYSTEMPATH\Model.php(394): CodeIgniter\Database\BaseBuilder->insert()
 6 SYSTEMPATH\BaseModel.php(839): CodeIgniter\Model->doInsert([...])
 7 SYSTEMPATH\Model.php(800): CodeIgniter\BaseModel->insert([...], false)
 8 SYSTEMPATH\BaseModel.php(750): CodeIgniter\Model->insert([...], false)
 9 APPPATH\Controllers\AntrianController.php(60): CodeIgniter\BaseModel->save([...])
10 SYSTEMPATH\CodeIgniter.php(933): App\Controllers\AntrianController->ambil('dosen')
11 SYSTEMPATH\CodeIgniter.php(507): CodeIgniter\CodeIgniter->runController(Object(App\Controllers\AntrianController))
12 SYSTEMPATH\CodeIgniter.php(354): CodeIgniter\CodeIgniter->handleRequest(null, Object(Config\Cache), false)
13 SYSTEMPATH\Boot.php(334): CodeIgniter\CodeIgniter->run()
14 SYSTEMPATH\Boot.php(67): CodeIgniter\Boot::runCodeIgniter(Object(CodeIgniter\CodeIgniter))
15 FCPATH\index.php(56): CodeIgniter\Boot::bootWeb(Object(Config\Paths))
16 SYSTEMPATH\rewrite.php(44): require_once('C:\\laragon\\www\\antrian\\public\\index.php')
ERROR - 2025-06-18 03:14:20 --> mysqli_sql_exception: You have an error in your SQL syntax; check the manual that corresponds to your MySQL server version for the right syntax to use near ') VALUES ('dosen', '2025-06-18 03:14:20', 2, 'menunggu', '2025-06-18 03:14:20', ' at line 1 in C:\laragon\www\antrian\system\Database\MySQLi\Connection.php:327
Stack trace:
#0 C:\laragon\www\antrian\system\Database\MySQLi\Connection.php(327): mysqli->query('INSERT INTO `an...', 0)
#1 C:\laragon\www\antrian\system\Database\BaseConnection.php(738): CodeIgniter\Database\MySQLi\Connection->execute('INSERT INTO `an...')
#2 C:\laragon\www\antrian\system\Database\BaseConnection.php(652): CodeIgniter\Database\BaseConnection->simpleQuery('INSERT INTO `an...')
#3 C:\laragon\www\antrian\system\Database\BaseBuilder.php(2345): CodeIgniter\Database\BaseConnection->query('INSERT INTO `an...', Array, false)
#4 C:\laragon\www\antrian\system\Model.php(394): CodeIgniter\Database\BaseBuilder->insert()
#5 C:\laragon\www\antrian\system\BaseModel.php(839): CodeIgniter\Model->doInsert(Array)
#6 C:\laragon\www\antrian\system\Model.php(800): CodeIgniter\BaseModel->insert(Array, false)
#7 C:\laragon\www\antrian\system\BaseModel.php(750): CodeIgniter\Model->insert(Array, false)
#8 C:\laragon\www\antrian\app\Controllers\AntrianController.php(60): CodeIgniter\BaseModel->save(Array)
#9 C:\laragon\www\antrian\system\CodeIgniter.php(933): App\Controllers\AntrianController->ambil('dosen')
#10 C:\laragon\www\antrian\system\CodeIgniter.php(507): CodeIgniter\CodeIgniter->runController(Object(App\Controllers\AntrianController))
#11 C:\laragon\www\antrian\system\CodeIgniter.php(354): CodeIgniter\CodeIgniter->handleRequest(NULL, Object(Config\Cache), false)
#12 C:\laragon\www\antrian\system\Boot.php(334): CodeIgniter\CodeIgniter->run()
#13 C:\laragon\www\antrian\system\Boot.php(67): CodeIgniter\Boot::runCodeIgniter(Object(CodeIgniter\CodeIgniter))
#14 C:\laragon\www\antrian\public\index.php(56): CodeIgniter\Boot::bootWeb(Object(Config\Paths))
#15 C:\laragon\www\antrian\system\rewrite.php(44): require_once('C:\\laragon\\www\\...')
#16 {main}
CRITICAL - 2025-06-18 03:14:20 --> CodeIgniter\Database\Exceptions\DatabaseException: You have an error in your SQL syntax; check the manual that corresponds to your MySQL server version for the right syntax to use near ') VALUES ('dosen', '2025-06-18 03:14:20', 2, 'menunggu', '2025-06-18 03:14:20', ' at line 1
[Method: GET, Route: antrian/ambil/dosen]
in SYSTEMPATH\Database\BaseConnection.php on line 692.
 1 SYSTEMPATH\Database\BaseBuilder.php(2345): CodeIgniter\Database\BaseConnection->query('INSERT INTO `antrian` (`kategori`, `waktu_antrian`, `nomor_antrian`, `status`, `created_at`, ) VALUES (:kategori.1:, :waktu_antrian:, :nomor_antrian:, :status:, :created_at:, ::)', [...], false)
 2 SYSTEMPATH\Model.php(394): CodeIgniter\Database\BaseBuilder->insert()
 3 SYSTEMPATH\BaseModel.php(839): CodeIgniter\Model->doInsert([...])
 4 SYSTEMPATH\Model.php(800): CodeIgniter\BaseModel->insert([...], false)
 5 SYSTEMPATH\BaseModel.php(750): CodeIgniter\Model->insert([...], false)
 6 APPPATH\Controllers\AntrianController.php(60): CodeIgniter\BaseModel->save([...])
 7 SYSTEMPATH\CodeIgniter.php(933): App\Controllers\AntrianController->ambil('dosen')
 8 SYSTEMPATH\CodeIgniter.php(507): CodeIgniter\CodeIgniter->runController(Object(App\Controllers\AntrianController))
 9 SYSTEMPATH\CodeIgniter.php(354): CodeIgniter\CodeIgniter->handleRequest(null, Object(Config\Cache), false)
10 SYSTEMPATH\Boot.php(334): CodeIgniter\CodeIgniter->run()
11 SYSTEMPATH\Boot.php(67): CodeIgniter\Boot::runCodeIgniter(Object(CodeIgniter\CodeIgniter))
12 FCPATH\index.php(56): CodeIgniter\Boot::bootWeb(Object(Config\Paths))
13 SYSTEMPATH\rewrite.php(44): require_once('C:\\laragon\\www\\antrian\\public\\index.php')
CRITICAL - 2025-06-18 03:14:20 --> [Caused by] CodeIgniter\Database\Exceptions\DatabaseException: You have an error in your SQL syntax; check the manual that corresponds to your MySQL server version for the right syntax to use near ') VALUES ('dosen', '2025-06-18 03:14:20', 2, 'menunggu', '2025-06-18 03:14:20', ' at line 1
in SYSTEMPATH\Database\MySQLi\Connection.php on line 332.
 1 SYSTEMPATH\Database\BaseConnection.php(738): CodeIgniter\Database\MySQLi\Connection->execute('INSERT INTO `antrian` (`kategori`, `waktu_antrian`, `nomor_antrian`, `status`, `created_at`, ) VALUES (\'dosen\', \'2025-06-18 03:14:20\', 2, \'menunggu\', \'2025-06-18 03:14:20\', \'2025-06-18 03:14:20\')')
 2 SYSTEMPATH\Database\BaseConnection.php(652): CodeIgniter\Database\BaseConnection->simpleQuery('INSERT INTO `antrian` (`kategori`, `waktu_antrian`, `nomor_antrian`, `status`, `created_at`, ) VALUES (\'dosen\', \'2025-06-18 03:14:20\', 2, \'menunggu\', \'2025-06-18 03:14:20\', \'2025-06-18 03:14:20\')')
 3 SYSTEMPATH\Database\BaseBuilder.php(2345): CodeIgniter\Database\BaseConnection->query('INSERT INTO `antrian` (`kategori`, `waktu_antrian`, `nomor_antrian`, `status`, `created_at`, ) VALUES (:kategori.1:, :waktu_antrian:, :nomor_antrian:, :status:, :created_at:, ::)', [...], false)
 4 SYSTEMPATH\Model.php(394): CodeIgniter\Database\BaseBuilder->insert()
 5 SYSTEMPATH\BaseModel.php(839): CodeIgniter\Model->doInsert([...])
 6 SYSTEMPATH\Model.php(800): CodeIgniter\BaseModel->insert([...], false)
 7 SYSTEMPATH\BaseModel.php(750): CodeIgniter\Model->insert([...], false)
 8 APPPATH\Controllers\AntrianController.php(60): CodeIgniter\BaseModel->save([...])
 9 SYSTEMPATH\CodeIgniter.php(933): App\Controllers\AntrianController->ambil('dosen')
10 SYSTEMPATH\CodeIgniter.php(507): CodeIgniter\CodeIgniter->runController(Object(App\Controllers\AntrianController))
11 SYSTEMPATH\CodeIgniter.php(354): CodeIgniter\CodeIgniter->handleRequest(null, Object(Config\Cache), false)
12 SYSTEMPATH\Boot.php(334): CodeIgniter\CodeIgniter->run()
13 SYSTEMPATH\Boot.php(67): CodeIgniter\Boot::runCodeIgniter(Object(CodeIgniter\CodeIgniter))
14 FCPATH\index.php(56): CodeIgniter\Boot::bootWeb(Object(Config\Paths))
15 SYSTEMPATH\rewrite.php(44): require_once('C:\\laragon\\www\\antrian\\public\\index.php')
CRITICAL - 2025-06-18 03:14:20 --> [Caused by] mysqli_sql_exception: You have an error in your SQL syntax; check the manual that corresponds to your MySQL server version for the right syntax to use near ') VALUES ('dosen', '2025-06-18 03:14:20', 2, 'menunggu', '2025-06-18 03:14:20', ' at line 1
in SYSTEMPATH\Database\MySQLi\Connection.php on line 327.
 1 SYSTEMPATH\Database\MySQLi\Connection.php(327): mysqli->query('INSERT INTO `antrian` (`kategori`, `waktu_antrian`, `nomor_antrian`, `status`, `created_at`, ) VALUES (\'dosen\', \'2025-06-18 03:14:20\', 2, \'menunggu\', \'2025-06-18 03:14:20\', \'2025-06-18 03:14:20\')', 0)
 2 SYSTEMPATH\Database\BaseConnection.php(738): CodeIgniter\Database\MySQLi\Connection->execute('INSERT INTO `antrian` (`kategori`, `waktu_antrian`, `nomor_antrian`, `status`, `created_at`, ) VALUES (\'dosen\', \'2025-06-18 03:14:20\', 2, \'menunggu\', \'2025-06-18 03:14:20\', \'2025-06-18 03:14:20\')')
 3 SYSTEMPATH\Database\BaseConnection.php(652): CodeIgniter\Database\BaseConnection->simpleQuery('INSERT INTO `antrian` (`kategori`, `waktu_antrian`, `nomor_antrian`, `status`, `created_at`, ) VALUES (\'dosen\', \'2025-06-18 03:14:20\', 2, \'menunggu\', \'2025-06-18 03:14:20\', \'2025-06-18 03:14:20\')')
 4 SYSTEMPATH\Database\BaseBuilder.php(2345): CodeIgniter\Database\BaseConnection->query('INSERT INTO `antrian` (`kategori`, `waktu_antrian`, `nomor_antrian`, `status`, `created_at`, ) VALUES (:kategori.1:, :waktu_antrian:, :nomor_antrian:, :status:, :created_at:, ::)', [...], false)
 5 SYSTEMPATH\Model.php(394): CodeIgniter\Database\BaseBuilder->insert()
 6 SYSTEMPATH\BaseModel.php(839): CodeIgniter\Model->doInsert([...])
 7 SYSTEMPATH\Model.php(800): CodeIgniter\BaseModel->insert([...], false)
 8 SYSTEMPATH\BaseModel.php(750): CodeIgniter\Model->insert([...], false)
 9 APPPATH\Controllers\AntrianController.php(60): CodeIgniter\BaseModel->save([...])
10 SYSTEMPATH\CodeIgniter.php(933): App\Controllers\AntrianController->ambil('dosen')
11 SYSTEMPATH\CodeIgniter.php(507): CodeIgniter\CodeIgniter->runController(Object(App\Controllers\AntrianController))
12 SYSTEMPATH\CodeIgniter.php(354): CodeIgniter\CodeIgniter->handleRequest(null, Object(Config\Cache), false)
13 SYSTEMPATH\Boot.php(334): CodeIgniter\CodeIgniter->run()
14 SYSTEMPATH\Boot.php(67): CodeIgniter\Boot::runCodeIgniter(Object(CodeIgniter\CodeIgniter))
15 FCPATH\index.php(56): CodeIgniter\Boot::bootWeb(Object(Config\Paths))
16 SYSTEMPATH\rewrite.php(44): require_once('C:\\laragon\\www\\antrian\\public\\index.php')
DEBUG - 2025-06-18 03:14:23 --> Session: Class initialized using 'CodeIgniter\Session\Handlers\FileHandler' driver.
DEBUG - 2025-06-18 03:14:24 --> Session: Class initialized using 'CodeIgniter\Session\Handlers\FileHandler' driver.
DEBUG - 2025-06-18 03:18:16 --> Session: Class initialized using 'CodeIgniter\Session\Handlers\FileHandler' driver.
DEBUG - 2025-06-18 03:18:18 --> Session: Class initialized using 'CodeIgniter\Session\Handlers\FileHandler' driver.
DEBUG - 2025-06-18 03:18:18 --> Session: Class initialized using 'CodeIgniter\Session\Handlers\FileHandler' driver.
DEBUG - 2025-06-18 03:19:42 --> Session: Class initialized using 'CodeIgniter\Session\Handlers\FileHandler' driver.
DEBUG - 2025-06-18 03:19:43 --> Session: Class initialized using 'CodeIgniter\Session\Handlers\FileHandler' driver.
DEBUG - 2025-06-18 03:19:44 --> Session: Class initialized using 'CodeIgniter\Session\Handlers\FileHandler' driver.
DEBUG - 2025-06-18 03:19:57 --> Session: Class initialized using 'CodeIgniter\Session\Handlers\FileHandler' driver.
DEBUG - 2025-06-18 03:19:58 --> Session: Class initialized using 'CodeIgniter\Session\Handlers\FileHandler' driver.
DEBUG - 2025-06-18 03:22:33 --> Session: Class initialized using 'CodeIgniter\Session\Handlers\FileHandler' driver.
CRITICAL - 2025-06-18 03:22:37 --> ErrorException: Undefined variable $menit
[Method: GET, Route: panggilan]
in APPPATH\Views\panggilan.php on line 128.
 1 APPPATH\Views\panggilan.php(128): CodeIgniter\Debug\Exceptions->errorHandler(2, 'Undefined variable $menit', 'C:\\laragon\\www\\antrian\\app\\Views\\panggilan.php', 128)
 2 SYSTEMPATH\View\View.php(224): include('C:\\laragon\\www\\antrian\\app\\Views\\panggilan.php')
 3 SYSTEMPATH\View\View.php(227): CodeIgniter\View\View->CodeIgniter\View\{closure}()
 4 SYSTEMPATH\Common.php(1173): CodeIgniter\View\View->render('panggilan', [], true)
 5 APPPATH\Controllers\PanggilanController.php(39): view('panggilan', [...])
 6 SYSTEMPATH\CodeIgniter.php(933): App\Controllers\PanggilanController->index()
 7 SYSTEMPATH\CodeIgniter.php(507): CodeIgniter\CodeIgniter->runController(Object(App\Controllers\PanggilanController))
 8 SYSTEMPATH\CodeIgniter.php(354): CodeIgniter\CodeIgniter->handleRequest(null, Object(Config\Cache), false)
 9 SYSTEMPATH\Boot.php(334): CodeIgniter\CodeIgniter->run()
10 SYSTEMPATH\Boot.php(67): CodeIgniter\Boot::runCodeIgniter(Object(CodeIgniter\CodeIgniter))
11 FCPATH\index.php(56): CodeIgniter\Boot::bootWeb(Object(Config\Paths))
12 SYSTEMPATH\rewrite.php(44): require_once('C:\\laragon\\www\\antrian\\public\\index.php')
DEBUG - 2025-06-18 03:22:50 --> Session: Class initialized using 'CodeIgniter\Session\Handlers\FileHandler' driver.
DEBUG - 2025-06-18 03:22:50 --> Session: Class initialized using 'CodeIgniter\Session\Handlers\FileHandler' driver.
CRITICAL - 2025-06-18 03:22:54 --> ErrorException: Undefined variable $menit
[Method: GET, Route: panggilan]
in APPPATH\Views\panggilan.php on line 128.
 1 APPPATH\Views\panggilan.php(128): CodeIgniter\Debug\Exceptions->errorHandler(2, 'Undefined variable $menit', 'C:\\laragon\\www\\antrian\\app\\Views\\panggilan.php', 128)
 2 SYSTEMPATH\View\View.php(224): include('C:\\laragon\\www\\antrian\\app\\Views\\panggilan.php')
 3 SYSTEMPATH\View\View.php(227): CodeIgniter\View\View->CodeIgniter\View\{closure}()
 4 SYSTEMPATH\Common.php(1173): CodeIgniter\View\View->render('panggilan', [], true)
 5 APPPATH\Controllers\PanggilanController.php(39): view('panggilan', [...])
 6 SYSTEMPATH\CodeIgniter.php(933): App\Controllers\PanggilanController->index()
 7 SYSTEMPATH\CodeIgniter.php(507): CodeIgniter\CodeIgniter->runController(Object(App\Controllers\PanggilanController))
 8 SYSTEMPATH\CodeIgniter.php(354): CodeIgniter\CodeIgniter->handleRequest(null, Object(Config\Cache), false)
 9 SYSTEMPATH\Boot.php(334): CodeIgniter\CodeIgniter->run()
10 SYSTEMPATH\Boot.php(67): CodeIgniter\Boot::runCodeIgniter(Object(CodeIgniter\CodeIgniter))
11 FCPATH\index.php(56): CodeIgniter\Boot::bootWeb(Object(Config\Paths))
12 SYSTEMPATH\rewrite.php(44): require_once('C:\\laragon\\www\\antrian\\public\\index.php')
CRITICAL - 2025-06-18 03:23:25 --> ErrorException: Undefined variable $menit
[Method: GET, Route: panggilan]
in APPPATH\Views\panggilan.php on line 128.
 1 APPPATH\Views\panggilan.php(128): CodeIgniter\Debug\Exceptions->errorHandler(2, 'Undefined variable $menit', 'C:\\laragon\\www\\antrian\\app\\Views\\panggilan.php', 128)
 2 SYSTEMPATH\View\View.php(224): include('C:\\laragon\\www\\antrian\\app\\Views\\panggilan.php')
 3 SYSTEMPATH\View\View.php(227): CodeIgniter\View\View->CodeIgniter\View\{closure}()
 4 SYSTEMPATH\Common.php(1173): CodeIgniter\View\View->render('panggilan', [], true)
 5 APPPATH\Controllers\PanggilanController.php(39): view('panggilan', [...])
 6 SYSTEMPATH\CodeIgniter.php(933): App\Controllers\PanggilanController->index()
 7 SYSTEMPATH\CodeIgniter.php(507): CodeIgniter\CodeIgniter->runController(Object(App\Controllers\PanggilanController))
 8 SYSTEMPATH\CodeIgniter.php(354): CodeIgniter\CodeIgniter->handleRequest(null, Object(Config\Cache), false)
 9 SYSTEMPATH\Boot.php(334): CodeIgniter\CodeIgniter->run()
10 SYSTEMPATH\Boot.php(67): CodeIgniter\Boot::runCodeIgniter(Object(CodeIgniter\CodeIgniter))
11 FCPATH\index.php(56): CodeIgniter\Boot::bootWeb(Object(Config\Paths))
12 SYSTEMPATH\rewrite.php(44): require_once('C:\\laragon\\www\\antrian\\public\\index.php')
CRITICAL - 2025-06-18 03:24:11 --> ErrorException: Undefined variable $menit
[Method: GET, Route: panggilan]
in APPPATH\Views\panggilan.php on line 128.
 1 APPPATH\Views\panggilan.php(128): CodeIgniter\Debug\Exceptions->errorHandler(2, 'Undefined variable $menit', 'C:\\laragon\\www\\antrian\\app\\Views\\panggilan.php', 128)
 2 SYSTEMPATH\View\View.php(224): include('C:\\laragon\\www\\antrian\\app\\Views\\panggilan.php')
 3 SYSTEMPATH\View\View.php(227): CodeIgniter\View\View->CodeIgniter\View\{closure}()
 4 SYSTEMPATH\Common.php(1173): CodeIgniter\View\View->render('panggilan', [], true)
 5 APPPATH\Controllers\PanggilanController.php(39): view('panggilan', [...])
 6 SYSTEMPATH\CodeIgniter.php(933): App\Controllers\PanggilanController->index()
 7 SYSTEMPATH\CodeIgniter.php(507): CodeIgniter\CodeIgniter->runController(Object(App\Controllers\PanggilanController))
 8 SYSTEMPATH\CodeIgniter.php(354): CodeIgniter\CodeIgniter->handleRequest(null, Object(Config\Cache), false)
 9 SYSTEMPATH\Boot.php(334): CodeIgniter\CodeIgniter->run()
10 SYSTEMPATH\Boot.php(67): CodeIgniter\Boot::runCodeIgniter(Object(CodeIgniter\CodeIgniter))
11 FCPATH\index.php(56): CodeIgniter\Boot::bootWeb(Object(Config\Paths))
12 SYSTEMPATH\rewrite.php(44): require_once('C:\\laragon\\www\\antrian\\public\\index.php')
DEBUG - 2025-06-18 03:24:14 --> Session: Class initialized using 'CodeIgniter\Session\Handlers\FileHandler' driver.
DEBUG - 2025-06-18 03:24:14 --> Session: Class initialized using 'CodeIgniter\Session\Handlers\FileHandler' driver.
CRITICAL - 2025-06-18 03:24:16 --> ErrorException: Undefined variable $menit
[Method: GET, Route: panggilan]
in APPPATH\Views\panggilan.php on line 128.
 1 APPPATH\Views\panggilan.php(128): CodeIgniter\Debug\Exceptions->errorHandler(2, 'Undefined variable $menit', 'C:\\laragon\\www\\antrian\\app\\Views\\panggilan.php', 128)
 2 SYSTEMPATH\View\View.php(224): include('C:\\laragon\\www\\antrian\\app\\Views\\panggilan.php')
 3 SYSTEMPATH\View\View.php(227): CodeIgniter\View\View->CodeIgniter\View\{closure}()
 4 SYSTEMPATH\Common.php(1173): CodeIgniter\View\View->render('panggilan', [], true)
 5 APPPATH\Controllers\PanggilanController.php(39): view('panggilan', [...])
 6 SYSTEMPATH\CodeIgniter.php(933): App\Controllers\PanggilanController->index()
 7 SYSTEMPATH\CodeIgniter.php(507): CodeIgniter\CodeIgniter->runController(Object(App\Controllers\PanggilanController))
 8 SYSTEMPATH\CodeIgniter.php(354): CodeIgniter\CodeIgniter->handleRequest(null, Object(Config\Cache), false)
 9 SYSTEMPATH\Boot.php(334): CodeIgniter\CodeIgniter->run()
10 SYSTEMPATH\Boot.php(67): CodeIgniter\Boot::runCodeIgniter(Object(CodeIgniter\CodeIgniter))
11 FCPATH\index.php(56): CodeIgniter\Boot::bootWeb(Object(Config\Paths))
12 SYSTEMPATH\rewrite.php(44): require_once('C:\\laragon\\www\\antrian\\public\\index.php')
DEBUG - 2025-06-18 03:28:24 --> Session: Class initialized using 'CodeIgniter\Session\Handlers\FileHandler' driver.
DEBUG - 2025-06-18 03:28:25 --> Session: Class initialized using 'CodeIgniter\Session\Handlers\FileHandler' driver.
DEBUG - 2025-06-18 03:30:41 --> Session: Class initialized using 'CodeIgniter\Session\Handlers\FileHandler' driver.
DEBUG - 2025-06-18 03:30:41 --> Session: Class initialized using 'CodeIgniter\Session\Handlers\FileHandler' driver.
DEBUG - 2025-06-18 03:31:06 --> Session: Class initialized using 'CodeIgniter\Session\Handlers\FileHandler' driver.
DEBUG - 2025-06-18 03:31:06 --> Session: Class initialized using 'CodeIgniter\Session\Handlers\FileHandler' driver.
DEBUG - 2025-06-18 03:54:33 --> Session: Class initialized using 'CodeIgniter\Session\Handlers\FileHandler' driver.
DEBUG - 2025-06-18 03:54:47 --> Session: Class initialized using 'CodeIgniter\Session\Handlers\FileHandler' driver.
DEBUG - 2025-06-18 03:54:48 --> Session: Class initialized using 'CodeIgniter\Session\Handlers\FileHandler' driver.
DEBUG - 2025-06-18 03:57:00 --> Session: Class initialized using 'CodeIgniter\Session\Handlers\FileHandler' driver.
DEBUG - 2025-06-18 03:57:09 --> Session: Class initialized using 'CodeIgniter\Session\Handlers\FileHandler' driver.
DEBUG - 2025-06-18 03:57:10 --> Session: Class initialized using 'CodeIgniter\Session\Handlers\FileHandler' driver.
DEBUG - 2025-06-18 03:57:21 --> Session: Class initialized using 'CodeIgniter\Session\Handlers\FileHandler' driver.
DEBUG - 2025-06-18 03:57:25 --> Session: Class initialized using 'CodeIgniter\Session\Handlers\FileHandler' driver.
DEBUG - 2025-06-18 03:57:25 --> Session: Class initialized using 'CodeIgniter\Session\Handlers\FileHandler' driver.
DEBUG - 2025-06-18 03:57:27 --> Session: Class initialized using 'CodeIgniter\Session\Handlers\FileHandler' driver.
DEBUG - 2025-06-18 03:57:28 --> Session: Class initialized using 'CodeIgniter\Session\Handlers\FileHandler' driver.
DEBUG - 2025-06-18 03:57:32 --> Session: Class initialized using 'CodeIgniter\Session\Handlers\FileHandler' driver.
DEBUG - 2025-06-18 03:57:54 --> Session: Class initialized using 'CodeIgniter\Session\Handlers\FileHandler' driver.
DEBUG - 2025-06-18 03:58:12 --> Session: Class initialized using 'CodeIgniter\Session\Handlers\FileHandler' driver.
DEBUG - 2025-06-18 03:59:42 --> Session: Class initialized using 'CodeIgniter\Session\Handlers\FileHandler' driver.
DEBUG - 2025-06-18 04:01:46 --> Session: Class initialized using 'CodeIgniter\Session\Handlers\FileHandler' driver.
DEBUG - 2025-06-18 04:14:44 --> Session: Class initialized using 'CodeIgniter\Session\Handlers\FileHandler' driver.
DEBUG - 2025-06-18 04:14:45 --> Session: Class initialized using 'CodeIgniter\Session\Handlers\FileHandler' driver.
